2025-09-07T18:50:13.040-05:00  WARN 28184 --- [order-service] [HikariPool-1:housekeeper] com.zaxxer.hikari.pool.HikariPool        : HikariPool-1 - Thread starvation or clock leap detected (housekeeper delta=1d19h43m25s73ms252µs900ns).
2025-09-07T18:51:30.957-05:00  INFO 28184 --- [order-service] [AsyncResolver-bootstrap-executor-%d] c.n.d.s.r.aws.ConfigClusterResolver      : Resolving eureka endpoints via configuration
2025-09-07T18:56:30.962-05:00  INFO 28184 --- [order-service] [AsyncResolver-bootstrap-executor-%d] c.n.d.s.r.aws.ConfigClusterResolver      : Resolving eureka endpoints via configuration
2025-09-07T19:01:30.969-05:00  INFO 28184 --- [order-service] [AsyncResolver-bootstrap-executor-%d] c.n.d.s.r.aws.ConfigClusterResolver      : Resolving eureka endpoints via configuration
2025-09-07T19:06:30.977-05:00  INFO 28184 --- [order-service] [AsyncResolver-bootstrap-executor-%d] c.n.d.s.r.aws.ConfigClusterResolver      : Resolving eureka endpoints via configuration
2025-09-07T19:11:27.516-05:00  INFO 28184 --- [order-service] [SpringApplicationShutdownHook] o.s.c.n.e.s.EurekaServiceRegistry        : Unregistering application ORDER-SERVICE with eureka with status DOWN
2025-09-07T19:11:27.517-05:00  INFO 28184 --- [order-service] [SpringApplicationShutdownHook] com.netflix.discovery.DiscoveryClient    : Saw local status change event StatusChangeEvent [timestamp=1757290287517, current=DOWN, previous=UP]
2025-09-07T19:11:27.521-05:00  INFO 28184 --- [order-service] [DiscoveryClient-InstanceInfoReplicator-%d] com.netflix.discovery.DiscoveryClient    : DiscoveryClient_ORDER-SERVICE/order-service:8083: registering service...
2025-09-07T19:11:27.682-05:00  INFO 28184 --- [order-service] [DiscoveryClient-InstanceInfoReplicator-%d] com.netflix.discovery.DiscoveryClient    : DiscoveryClient_ORDER-SERVICE/order-service:8083 - registration status: 204
2025-09-07T19:11:27.695-05:00  INFO 28184 --- [order-service] [SpringApplicationShutdownHook] o.s.b.w.e.tomcat.GracefulShutdown        : Commencing graceful shutdown. Waiting for active requests to complete
2025-09-07T19:11:27.745-05:00  INFO 28184 --- [order-service] [tomcat-shutdown] o.s.b.w.e.tomcat.GracefulShutdown        : Graceful shutdown complete
2025-09-07T19:11:27.799-05:00  INFO 28184 --- [order-service] [SpringApplicationShutdownHook] o.s.i.endpoint.EventDrivenConsumer       : Removing {logging-channel-adapter:_org.springframework.integration.errorLogger} as a subscriber to the 'errorChannel' channel
2025-09-07T19:11:27.800-05:00  INFO 28184 --- [order-service] [SpringApplicationShutdownHook] o.s.i.channel.PublishSubscribeChannel    : Channel 'order-service.errorChannel' has 0 subscriber(s).
2025-09-07T19:11:27.806-05:00  INFO 28184 --- [order-service] [SpringApplicationShutdownHook] o.s.i.endpoint.EventDrivenConsumer       : stopped bean '_org.springframework.integration.errorLogger'
2025-09-07T19:11:27.963-05:00  INFO 28184 --- [order-service] [SpringApplicationShutdownHook] o.a.k.clients.producer.KafkaProducer     : [Producer clientId=producer-1] Closing the Kafka producer with timeoutMillis = 30000 ms.
2025-09-07T19:11:28.005-05:00  INFO 28184 --- [order-service] [SpringApplicationShutdownHook] o.apache.kafka.common.metrics.Metrics    : Metrics scheduler closed
2025-09-07T19:11:28.007-05:00  INFO 28184 --- [order-service] [SpringApplicationShutdownHook] o.apache.kafka.common.metrics.Metrics    : Closing reporter org.apache.kafka.common.metrics.JmxReporter
2025-09-07T19:11:28.007-05:00  INFO 28184 --- [order-service] [SpringApplicationShutdownHook] o.apache.kafka.common.metrics.Metrics    : Closing reporter org.apache.kafka.common.telemetry.internals.ClientTelemetryReporter
2025-09-07T19:11:28.007-05:00  INFO 28184 --- [order-service] [SpringApplicationShutdownHook] o.apache.kafka.common.metrics.Metrics    : Metrics reporters closed
2025-09-07T19:11:28.012-05:00  INFO 28184 --- [order-service] [SpringApplicationShutdownHook] o.a.kafka.common.utils.AppInfoParser     : App info kafka.producer for producer-1 unregistered
2025-09-07T19:11:28.066-05:00  INFO 28184 --- [order-service] [SpringApplicationShutdownHook] j.LocalContainerEntityManagerFactoryBean : Closing JPA EntityManagerFactory for persistence unit 'default'
2025-09-07T19:11:28.134-05:00  INFO 28184 --- [order-service] [SpringApplicationShutdownHook] com.zaxxer.hikari.HikariDataSource       : HikariPool-1 - Shutdown initiated...
2025-09-07T19:11:28.161-05:00  INFO 28184 --- [order-service] [SpringApplicationShutdownHook] com.zaxxer.hikari.HikariDataSource       : HikariPool-1 - Shutdown completed.
2025-09-07T19:11:28.174-05:00  INFO 28184 --- [order-service] [SpringApplicationShutdownHook] com.netflix.discovery.DiscoveryClient    : Shutting down DiscoveryClient ...
2025-09-07T19:11:30.995-05:00  INFO 28184 --- [order-service] [AsyncResolver-bootstrap-executor-%d] c.n.d.s.r.aws.ConfigClusterResolver      : Resolving eureka endpoints via configuration
2025-09-07T19:11:31.180-05:00  INFO 28184 --- [order-service] [SpringApplicationShutdownHook] com.netflix.discovery.DiscoveryClient    : Unregistering ...
2025-09-07T19:11:31.249-05:00  INFO 28184 --- [order-service] [SpringApplicationShutdownHook] com.netflix.discovery.DiscoveryClient    : DiscoveryClient_ORDER-SERVICE/order-service:8083 - deregister  status: 200
2025-09-07T19:11:31.253-05:00  INFO 28184 --- [order-service] [SpringApplicationShutdownHook] com.netflix.discovery.DiscoveryClient    : Completed shut down of DiscoveryClient
2025-09-07T19:11:51.675-05:00  INFO 7732 --- [order-service] [main] com.arkam.order.OrderApplication         : Starting OrderApplication using Java 22.0.2 with PID 7732 (C:\Users\Freddy\OneDrive\Desktop\ARKAM SpringBoot\arkam-microservices\order\target\classes started by Freddy in C:\Users\Freddy\OneDrive\Desktop\ARKAM SpringBoot\arkam-microservices)
2025-09-07T19:11:51.678-05:00  INFO 7732 --- [order-service] [main] com.arkam.order.OrderApplication         : No active profile set, falling back to 1 default profile: "default"
2025-09-07T19:11:51.732-05:00  INFO 7732 --- [order-service] [main] o.s.c.c.c.ConfigServerConfigDataLoader   : Fetching config from server at : http://localhost:8888
2025-09-07T19:11:51.732-05:00  INFO 7732 --- [order-service] [main] o.s.c.c.c.ConfigServerConfigDataLoader   : Located environment: name=order-service, profiles=[default], label=null, version=null, state=null
2025-09-07T19:11:53.752-05:00  INFO 7732 --- [order-service] [main] .s.d.r.c.RepositoryConfigurationDelegate : Bootstrapping Spring Data JPA repositories in DEFAULT mode.
2025-09-07T19:11:53.961-05:00  INFO 7732 --- [order-service] [main] .s.d.r.c.RepositoryConfigurationDelegate : Finished Spring Data repository scanning in 196 ms. Found 2 JPA repository interfaces.
2025-09-07T19:11:54.240-05:00  INFO 7732 --- [order-service] [main] faultConfiguringBeanFactoryPostProcessor : No bean named 'errorChannel' has been explicitly defined. Therefore, a default PublishSubscribeChannel will be created.
2025-09-07T19:11:54.257-05:00  INFO 7732 --- [order-service] [main] faultConfiguringBeanFactoryPostProcessor : No bean named 'integrationHeaderChannelRegistry' has been explicitly defined. Therefore, a default DefaultHeaderChannelRegistry will be created.
2025-09-07T19:11:54.532-05:00  INFO 7732 --- [order-service] [main] o.s.cloud.context.scope.GenericScope     : BeanFactory id=075e75b9-51a9-3688-82ad-50ecc590042b
2025-09-07T19:11:55.690-05:00  INFO 7732 --- [order-service] [main] o.s.b.w.embedded.tomcat.TomcatWebServer  : Tomcat initialized with port 8083 (http)
2025-09-07T19:11:55.713-05:00  INFO 7732 --- [order-service] [main] o.apache.catalina.core.StandardService   : Starting service [Tomcat]
2025-09-07T19:11:55.713-05:00  INFO 7732 --- [order-service] [main] o.apache.catalina.core.StandardEngine    : Starting Servlet engine: [Apache Tomcat/10.1.41]
2025-09-07T19:11:55.800-05:00  INFO 7732 --- [order-service] [main] o.a.c.c.C.[Tomcat].[localhost].[/]       : Initializing Spring embedded WebApplicationContext
2025-09-07T19:11:55.800-05:00  INFO 7732 --- [order-service] [main] w.s.c.ServletWebServerApplicationContext : Root WebApplicationContext: initialization completed in 4065 ms
2025-09-07T19:11:56.596-05:00  INFO 7732 --- [order-service] [main] o.hibernate.jpa.internal.util.LogHelper  : HHH000204: Processing PersistenceUnitInfo [name: default]
2025-09-07T19:11:56.721-05:00  INFO 7732 --- [order-service] [main] org.hibernate.Version                    : HHH000412: Hibernate ORM core version 6.6.15.Final
2025-09-07T19:11:56.791-05:00  INFO 7732 --- [order-service] [main] o.h.c.internal.RegionFactoryInitiator    : HHH000026: Second-level cache disabled
2025-09-07T19:11:57.272-05:00  INFO 7732 --- [order-service] [main] o.s.o.j.p.SpringPersistenceUnitInfo      : No LoadTimeWeaver setup: ignoring JPA class transformer
2025-09-07T19:11:57.341-05:00  INFO 7732 --- [order-service] [main] com.zaxxer.hikari.HikariDataSource       : HikariPool-1 - Starting...
2025-09-07T19:11:57.749-05:00  INFO 7732 --- [order-service] [main] com.zaxxer.hikari.pool.HikariPool        : HikariPool-1 - Added connection org.postgresql.jdbc.PgConnection@373fb666
2025-09-07T19:11:57.753-05:00  INFO 7732 --- [order-service] [main] com.zaxxer.hikari.HikariDataSource       : HikariPool-1 - Start completed.
2025-09-07T19:11:57.865-05:00  WARN 7732 --- [order-service] [main] org.hibernate.orm.deprecation            : HHH90000025: PostgreSQLDialect does not need to be specified explicitly using 'hibernate.dialect' (remove the property setting and it will be selected by default)
2025-09-07T19:11:57.906-05:00  INFO 7732 --- [order-service] [main] org.hibernate.orm.connections.pooling    : HHH10001005: Database info:
	Database JDBC URL [Connecting through datasource 'HikariDataSource (HikariPool-1)']
	Database driver: undefined/unknown
	Database version: 14.18
	Autocommit mode: undefined/unknown
	Isolation level: undefined/unknown
	Minimum pool size: undefined/unknown
	Maximum pool size: undefined/unknown
2025-09-07T19:11:59.690-05:00  INFO 7732 --- [order-service] [main] o.h.e.t.j.p.i.JtaPlatformInitiator       : HHH000489: No JTA platform available (set 'hibernate.transaction.jta.platform' to enable JTA platform integration)
2025-09-07T19:11:59.981-05:00  INFO 7732 --- [order-service] [main] j.LocalContainerEntityManagerFactoryBean : Initialized JPA EntityManagerFactory for persistence unit 'default'
2025-09-07T19:12:01.599-05:00  WARN 7732 --- [order-service] [main] JpaBaseConfiguration$JpaWebConfiguration : spring.jpa.open-in-view is enabled by default. Therefore, database queries may be performed during view rendering. Explicitly configure spring.jpa.open-in-view to disable this warning
2025-09-07T19:12:04.096-05:00  INFO 7732 --- [order-service] [main] DiscoveryClientOptionalArgsConfiguration : Eureka HTTP Client uses RestTemplate.
2025-09-07T19:12:04.218-05:00  WARN 7732 --- [order-service] [main] iguration$LoadBalancerCaffeineWarnLogger : Spring Cloud LoadBalancer is currently working with the default cache. While this cache implementation is useful for development and tests, it's recommended to use Caffeine cache in production.You can switch to using Caffeine cache, by adding it and org.springframework.cache.caffeine.CaffeineCacheManager to the classpath.
2025-09-07T19:12:04.243-05:00  INFO 7732 --- [order-service] [main] o.s.b.a.e.web.EndpointLinksResolver      : Exposing 31 endpoints beneath base path '/actuator'
2025-09-07T19:12:04.690-05:00  INFO 7732 --- [order-service] [main] figuration$IntegrationJmxConfiguration$1 : Registering MessageChannel errorChannel
2025-09-07T19:12:04.700-05:00  INFO 7732 --- [order-service] [main] figuration$IntegrationJmxConfiguration$1 : Registering MessageChannel nullChannel
2025-09-07T19:12:04.724-05:00  INFO 7732 --- [order-service] [main] figuration$IntegrationJmxConfiguration$1 : Registering MessageHandler _org.springframework.integration.errorLogger
2025-09-07T19:12:04.756-05:00  INFO 7732 --- [order-service] [main] o.s.i.endpoint.EventDrivenConsumer       : Adding {logging-channel-adapter:_org.springframework.integration.errorLogger} as a subscriber to the 'errorChannel' channel
2025-09-07T19:12:04.757-05:00  INFO 7732 --- [order-service] [main] o.s.i.channel.PublishSubscribeChannel    : Channel 'order-service.errorChannel' has 1 subscriber(s).
2025-09-07T19:12:04.757-05:00  INFO 7732 --- [order-service] [main] o.s.i.endpoint.EventDrivenConsumer       : started bean '_org.springframework.integration.errorLogger'
2025-09-07T19:12:04.776-05:00  INFO 7732 --- [order-service] [main] o.s.c.n.eureka.InstanceInfoFactory       : Setting initial instance status as: STARTING
2025-09-07T19:12:04.836-05:00  INFO 7732 --- [order-service] [main] com.netflix.discovery.DiscoveryClient    : Initializing Eureka in region us-east-1
2025-09-07T19:12:04.844-05:00  INFO 7732 --- [order-service] [main] c.n.d.s.r.aws.ConfigClusterResolver      : Resolving eureka endpoints via configuration
2025-09-07T19:12:04.875-05:00  INFO 7732 --- [order-service] [main] com.netflix.discovery.DiscoveryClient    : Disable delta property : false
2025-09-07T19:12:04.875-05:00  INFO 7732 --- [order-service] [main] com.netflix.discovery.DiscoveryClient    : Single vip registry refresh property : null
2025-09-07T19:12:04.875-05:00  INFO 7732 --- [order-service] [main] com.netflix.discovery.DiscoveryClient    : Force full registry fetch : false
2025-09-07T19:12:04.876-05:00  INFO 7732 --- [order-service] [main] com.netflix.discovery.DiscoveryClient    : Application is null : false
2025-09-07T19:12:04.876-05:00  INFO 7732 --- [order-service] [main] com.netflix.discovery.DiscoveryClient    : Registered Applications size is zero : true
2025-09-07T19:12:04.876-05:00  INFO 7732 --- [order-service] [main] com.netflix.discovery.DiscoveryClient    : Application version is -1: true
2025-09-07T19:12:04.876-05:00  INFO 7732 --- [order-service] [main] com.netflix.discovery.DiscoveryClient    : Getting all instance registry info from the eureka server
2025-09-07T19:12:05.126-05:00  INFO 7732 --- [order-service] [main] com.netflix.discovery.DiscoveryClient    : The response status is 200
2025-09-07T19:12:05.131-05:00  INFO 7732 --- [order-service] [main] com.netflix.discovery.DiscoveryClient    : Starting heartbeat executor: renew interval is: 30
2025-09-07T19:12:05.134-05:00  INFO 7732 --- [order-service] [main] c.n.discovery.InstanceInfoReplicator     : InstanceInfoReplicator onDemand update allowed rate per min is 4
2025-09-07T19:12:05.136-05:00  INFO 7732 --- [order-service] [main] com.netflix.discovery.DiscoveryClient    : Discovery Client initialized at timestamp 1757290325136 with initial instances count: 3
2025-09-07T19:12:05.154-05:00  INFO 7732 --- [order-service] [main] o.s.c.n.e.s.EurekaServiceRegistry        : Registering application ORDER-SERVICE with eureka with status UP
2025-09-07T19:12:05.155-05:00  INFO 7732 --- [order-service] [main] com.netflix.discovery.DiscoveryClient    : Saw local status change event StatusChangeEvent [timestamp=1757290325155, current=UP, previous=STARTING]
2025-09-07T19:12:05.158-05:00  INFO 7732 --- [order-service] [DiscoveryClient-InstanceInfoReplicator-%d] com.netflix.discovery.DiscoveryClient    : DiscoveryClient_ORDER-SERVICE/order-service:8083: registering service...
2025-09-07T19:12:05.184-05:00  INFO 7732 --- [order-service] [main] o.s.b.w.embedded.tomcat.TomcatWebServer  : Tomcat started on port 8083 (http) with context path '/'
2025-09-07T19:12:05.186-05:00  INFO 7732 --- [order-service] [main] .s.c.n.e.s.EurekaAutoServiceRegistration : Updating port to 8083
2025-09-07T19:12:05.222-05:00  INFO 7732 --- [order-service] [DiscoveryClient-InstanceInfoReplicator-%d] com.netflix.discovery.DiscoveryClient    : DiscoveryClient_ORDER-SERVICE/order-service:8083 - registration status: 204
2025-09-07T19:12:05.239-05:00  INFO 7732 --- [order-service] [main] com.arkam.order.OrderApplication         : Started OrderApplication in 15.808 seconds (process running for 26.054)
2025-09-07T19:12:12.603-05:00  INFO 7732 --- [order-service] [SpringApplicationShutdownHook] o.s.c.n.e.s.EurekaServiceRegistry        : Unregistering application ORDER-SERVICE with eureka with status DOWN
2025-09-07T19:12:12.603-05:00  INFO 7732 --- [order-service] [SpringApplicationShutdownHook] com.netflix.discovery.DiscoveryClient    : Saw local status change event StatusChangeEvent [timestamp=1757290332603, current=DOWN, previous=UP]
2025-09-07T19:12:12.603-05:00  INFO 7732 --- [order-service] [DiscoveryClient-InstanceInfoReplicator-%d] com.netflix.discovery.DiscoveryClient    : DiscoveryClient_ORDER-SERVICE/order-service:8083: registering service...
2025-09-07T19:12:12.607-05:00  INFO 7732 --- [order-service] [SpringApplicationShutdownHook] o.s.b.w.e.tomcat.GracefulShutdown        : Commencing graceful shutdown. Waiting for active requests to complete
2025-09-07T19:12:12.610-05:00  INFO 7732 --- [order-service] [DiscoveryClient-InstanceInfoReplicator-%d] com.netflix.discovery.DiscoveryClient    : DiscoveryClient_ORDER-SERVICE/order-service:8083 - registration status: 204
2025-09-07T19:12:12.616-05:00  INFO 7732 --- [order-service] [tomcat-shutdown] o.s.b.w.e.tomcat.GracefulShutdown        : Graceful shutdown complete
2025-09-07T19:12:12.621-05:00  INFO 7732 --- [order-service] [SpringApplicationShutdownHook] o.s.i.endpoint.EventDrivenConsumer       : Removing {logging-channel-adapter:_org.springframework.integration.errorLogger} as a subscriber to the 'errorChannel' channel
2025-09-07T19:12:12.621-05:00  INFO 7732 --- [order-service] [SpringApplicationShutdownHook] o.s.i.channel.PublishSubscribeChannel    : Channel 'order-service.errorChannel' has 0 subscriber(s).
2025-09-07T19:12:12.622-05:00  INFO 7732 --- [order-service] [SpringApplicationShutdownHook] o.s.i.endpoint.EventDrivenConsumer       : stopped bean '_org.springframework.integration.errorLogger'
2025-09-07T19:12:12.639-05:00  INFO 7732 --- [order-service] [SpringApplicationShutdownHook] j.LocalContainerEntityManagerFactoryBean : Closing JPA EntityManagerFactory for persistence unit 'default'
2025-09-07T19:12:12.644-05:00  INFO 7732 --- [order-service] [SpringApplicationShutdownHook] com.zaxxer.hikari.HikariDataSource       : HikariPool-1 - Shutdown initiated...
2025-09-07T19:12:12.652-05:00  INFO 7732 --- [order-service] [SpringApplicationShutdownHook] com.zaxxer.hikari.HikariDataSource       : HikariPool-1 - Shutdown completed.
2025-09-07T19:12:12.656-05:00  INFO 7732 --- [order-service] [SpringApplicationShutdownHook] com.netflix.discovery.DiscoveryClient    : Shutting down DiscoveryClient ...
2025-09-07T19:12:15.659-05:00  INFO 7732 --- [order-service] [SpringApplicationShutdownHook] com.netflix.discovery.DiscoveryClient    : Unregistering ...
2025-09-07T19:12:15.667-05:00  INFO 7732 --- [order-service] [SpringApplicationShutdownHook] com.netflix.discovery.DiscoveryClient    : DiscoveryClient_ORDER-SERVICE/order-service:8083 - deregister  status: 200
2025-09-07T19:12:15.667-05:00  INFO 7732 --- [order-service] [SpringApplicationShutdownHook] com.netflix.discovery.DiscoveryClient    : Completed shut down of DiscoveryClient
2025-09-07T19:12:21.998-05:00  INFO 14204 --- [order-service] [main] com.arkam.order.OrderApplication         : Starting OrderApplication using Java 22.0.2 with PID 14204 (C:\Users\Freddy\OneDrive\Desktop\ARKAM SpringBoot\arkam-microservices\order\target\classes started by Freddy in C:\Users\Freddy\OneDrive\Desktop\ARKAM SpringBoot\arkam-microservices)
2025-09-07T19:12:22.001-05:00  INFO 14204 --- [order-service] [main] com.arkam.order.OrderApplication         : No active profile set, falling back to 1 default profile: "default"
2025-09-07T19:12:22.060-05:00  INFO 14204 --- [order-service] [main] o.s.c.c.c.ConfigServerConfigDataLoader   : Fetching config from server at : http://localhost:8888
2025-09-07T19:12:22.061-05:00  INFO 14204 --- [order-service] [main] o.s.c.c.c.ConfigServerConfigDataLoader   : Located environment: name=order-service, profiles=[default], label=null, version=null, state=null
2025-09-07T19:12:24.163-05:00  INFO 14204 --- [order-service] [main] .s.d.r.c.RepositoryConfigurationDelegate : Bootstrapping Spring Data JPA repositories in DEFAULT mode.
2025-09-07T19:12:24.377-05:00  INFO 14204 --- [order-service] [main] .s.d.r.c.RepositoryConfigurationDelegate : Finished Spring Data repository scanning in 199 ms. Found 2 JPA repository interfaces.
2025-09-07T19:12:24.784-05:00  INFO 14204 --- [order-service] [main] faultConfiguringBeanFactoryPostProcessor : No bean named 'errorChannel' has been explicitly defined. Therefore, a default PublishSubscribeChannel will be created.
2025-09-07T19:12:24.802-05:00  INFO 14204 --- [order-service] [main] faultConfiguringBeanFactoryPostProcessor : No bean named 'integrationHeaderChannelRegistry' has been explicitly defined. Therefore, a default DefaultHeaderChannelRegistry will be created.
2025-09-07T19:12:25.139-05:00  INFO 14204 --- [order-service] [main] o.s.cloud.context.scope.GenericScope     : BeanFactory id=075e75b9-51a9-3688-82ad-50ecc590042b
2025-09-07T19:12:27.158-05:00  INFO 14204 --- [order-service] [main] o.s.b.w.embedded.tomcat.TomcatWebServer  : Tomcat initialized with port 8083 (http)
2025-09-07T19:12:27.188-05:00  INFO 14204 --- [order-service] [main] o.apache.catalina.core.StandardService   : Starting service [Tomcat]
2025-09-07T19:12:27.188-05:00  INFO 14204 --- [order-service] [main] o.apache.catalina.core.StandardEngine    : Starting Servlet engine: [Apache Tomcat/10.1.41]
2025-09-07T19:12:27.320-05:00  INFO 14204 --- [order-service] [main] o.a.c.c.C.[Tomcat].[localhost].[/]       : Initializing Spring embedded WebApplicationContext
2025-09-07T19:12:27.321-05:00  INFO 14204 --- [order-service] [main] w.s.c.ServletWebServerApplicationContext : Root WebApplicationContext: initialization completed in 5257 ms
2025-09-07T19:12:28.372-05:00  INFO 14204 --- [order-service] [main] o.hibernate.jpa.internal.util.LogHelper  : HHH000204: Processing PersistenceUnitInfo [name: default]
2025-09-07T19:12:28.478-05:00  INFO 14204 --- [order-service] [main] org.hibernate.Version                    : HHH000412: Hibernate ORM core version 6.6.15.Final
2025-09-07T19:12:28.552-05:00  INFO 14204 --- [order-service] [main] o.h.c.internal.RegionFactoryInitiator    : HHH000026: Second-level cache disabled
2025-09-07T19:12:29.282-05:00  INFO 14204 --- [order-service] [main] o.s.o.j.p.SpringPersistenceUnitInfo      : No LoadTimeWeaver setup: ignoring JPA class transformer
2025-09-07T19:12:29.358-05:00  INFO 14204 --- [order-service] [main] com.zaxxer.hikari.HikariDataSource       : HikariPool-1 - Starting...
2025-09-07T19:12:29.633-05:00  INFO 14204 --- [order-service] [main] com.zaxxer.hikari.pool.HikariPool        : HikariPool-1 - Added connection org.postgresql.jdbc.PgConnection@7859fc7
2025-09-07T19:12:29.637-05:00  INFO 14204 --- [order-service] [main] com.zaxxer.hikari.HikariDataSource       : HikariPool-1 - Start completed.
2025-09-07T19:12:29.701-05:00  WARN 14204 --- [order-service] [main] org.hibernate.orm.deprecation            : HHH90000025: PostgreSQLDialect does not need to be specified explicitly using 'hibernate.dialect' (remove the property setting and it will be selected by default)
2025-09-07T19:12:29.745-05:00  INFO 14204 --- [order-service] [main] org.hibernate.orm.connections.pooling    : HHH10001005: Database info:
	Database JDBC URL [Connecting through datasource 'HikariDataSource (HikariPool-1)']
	Database driver: undefined/unknown
	Database version: 14.18
	Autocommit mode: undefined/unknown
	Isolation level: undefined/unknown
	Minimum pool size: undefined/unknown
	Maximum pool size: undefined/unknown
2025-09-07T19:12:31.831-05:00  INFO 14204 --- [order-service] [main] o.h.e.t.j.p.i.JtaPlatformInitiator       : HHH000489: No JTA platform available (set 'hibernate.transaction.jta.platform' to enable JTA platform integration)
2025-09-07T19:12:32.114-05:00  INFO 14204 --- [order-service] [main] j.LocalContainerEntityManagerFactoryBean : Initialized JPA EntityManagerFactory for persistence unit 'default'
2025-09-07T19:12:34.117-05:00  WARN 14204 --- [order-service] [main] JpaBaseConfiguration$JpaWebConfiguration : spring.jpa.open-in-view is enabled by default. Therefore, database queries may be performed during view rendering. Explicitly configure spring.jpa.open-in-view to disable this warning
2025-09-07T19:12:36.961-05:00  INFO 14204 --- [order-service] [main] DiscoveryClientOptionalArgsConfiguration : Eureka HTTP Client uses RestTemplate.
2025-09-07T19:12:37.128-05:00  WARN 14204 --- [order-service] [main] iguration$LoadBalancerCaffeineWarnLogger : Spring Cloud LoadBalancer is currently working with the default cache. While this cache implementation is useful for development and tests, it's recommended to use Caffeine cache in production.You can switch to using Caffeine cache, by adding it and org.springframework.cache.caffeine.CaffeineCacheManager to the classpath.
2025-09-07T19:12:37.167-05:00  INFO 14204 --- [order-service] [main] o.s.b.a.e.web.EndpointLinksResolver      : Exposing 31 endpoints beneath base path '/actuator'
2025-09-07T19:12:37.654-05:00  INFO 14204 --- [order-service] [main] figuration$IntegrationJmxConfiguration$1 : Registering MessageChannel errorChannel
2025-09-07T19:12:37.663-05:00  INFO 14204 --- [order-service] [main] figuration$IntegrationJmxConfiguration$1 : Registering MessageChannel nullChannel
2025-09-07T19:12:37.677-05:00  INFO 14204 --- [order-service] [main] figuration$IntegrationJmxConfiguration$1 : Registering MessageHandler _org.springframework.integration.errorLogger
2025-09-07T19:12:37.703-05:00  INFO 14204 --- [order-service] [main] o.s.i.endpoint.EventDrivenConsumer       : Adding {logging-channel-adapter:_org.springframework.integration.errorLogger} as a subscriber to the 'errorChannel' channel
2025-09-07T19:12:37.704-05:00  INFO 14204 --- [order-service] [main] o.s.i.channel.PublishSubscribeChannel    : Channel 'order-service.errorChannel' has 1 subscriber(s).
2025-09-07T19:12:37.704-05:00  INFO 14204 --- [order-service] [main] o.s.i.endpoint.EventDrivenConsumer       : started bean '_org.springframework.integration.errorLogger'
2025-09-07T19:12:37.719-05:00  INFO 14204 --- [order-service] [main] o.s.c.n.eureka.InstanceInfoFactory       : Setting initial instance status as: STARTING
2025-09-07T19:12:37.760-05:00  INFO 14204 --- [order-service] [main] com.netflix.discovery.DiscoveryClient    : Initializing Eureka in region us-east-1
2025-09-07T19:12:37.766-05:00  INFO 14204 --- [order-service] [main] c.n.d.s.r.aws.ConfigClusterResolver      : Resolving eureka endpoints via configuration
2025-09-07T19:12:37.777-05:00  INFO 14204 --- [order-service] [main] com.netflix.discovery.DiscoveryClient    : Disable delta property : false
2025-09-07T19:12:37.777-05:00  INFO 14204 --- [order-service] [main] com.netflix.discovery.DiscoveryClient    : Single vip registry refresh property : null
2025-09-07T19:12:37.777-05:00  INFO 14204 --- [order-service] [main] com.netflix.discovery.DiscoveryClient    : Force full registry fetch : false
2025-09-07T19:12:37.777-05:00  INFO 14204 --- [order-service] [main] com.netflix.discovery.DiscoveryClient    : Application is null : false
2025-09-07T19:12:37.777-05:00  INFO 14204 --- [order-service] [main] com.netflix.discovery.DiscoveryClient    : Registered Applications size is zero : true
2025-09-07T19:12:37.777-05:00  INFO 14204 --- [order-service] [main] com.netflix.discovery.DiscoveryClient    : Application version is -1: true
2025-09-07T19:12:37.778-05:00  INFO 14204 --- [order-service] [main] com.netflix.discovery.DiscoveryClient    : Getting all instance registry info from the eureka server
2025-09-07T19:12:38.064-05:00  INFO 14204 --- [order-service] [main] com.netflix.discovery.DiscoveryClient    : The response status is 200
2025-09-07T19:12:38.067-05:00  INFO 14204 --- [order-service] [main] com.netflix.discovery.DiscoveryClient    : Starting heartbeat executor: renew interval is: 30
2025-09-07T19:12:38.070-05:00  INFO 14204 --- [order-service] [main] c.n.discovery.InstanceInfoReplicator     : InstanceInfoReplicator onDemand update allowed rate per min is 4
2025-09-07T19:12:38.072-05:00  INFO 14204 --- [order-service] [main] com.netflix.discovery.DiscoveryClient    : Discovery Client initialized at timestamp 1757290358072 with initial instances count: 3
2025-09-07T19:12:38.089-05:00  INFO 14204 --- [order-service] [main] o.s.c.n.e.s.EurekaServiceRegistry        : Registering application ORDER-SERVICE with eureka with status UP
2025-09-07T19:12:38.090-05:00  INFO 14204 --- [order-service] [main] com.netflix.discovery.DiscoveryClient    : Saw local status change event StatusChangeEvent [timestamp=1757290358090, current=UP, previous=STARTING]
2025-09-07T19:12:38.094-05:00  INFO 14204 --- [order-service] [DiscoveryClient-InstanceInfoReplicator-%d] com.netflix.discovery.DiscoveryClient    : DiscoveryClient_ORDER-SERVICE/order-service:8083: registering service...
2025-09-07T19:12:38.124-05:00  INFO 14204 --- [order-service] [main] o.s.b.w.embedded.tomcat.TomcatWebServer  : Tomcat started on port 8083 (http) with context path '/'
2025-09-07T19:12:38.125-05:00  INFO 14204 --- [order-service] [main] .s.c.n.e.s.EurekaAutoServiceRegistration : Updating port to 8083
2025-09-07T19:12:38.160-05:00  INFO 14204 --- [order-service] [DiscoveryClient-InstanceInfoReplicator-%d] com.netflix.discovery.DiscoveryClient    : DiscoveryClient_ORDER-SERVICE/order-service:8083 - registration status: 204
2025-09-07T19:12:38.195-05:00  INFO 14204 --- [order-service] [main] com.arkam.order.OrderApplication         : Started OrderApplication in 18.771 seconds (process running for 20.843)
2025-09-07T19:12:38.610-05:00  INFO 14204 --- [order-service] [RMI TCP Connection(3)-192.168.1.9] o.a.c.c.C.[Tomcat].[localhost].[/]       : Initializing Spring DispatcherServlet 'dispatcherServlet'
2025-09-07T19:12:38.612-05:00  INFO 14204 --- [order-service] [RMI TCP Connection(3)-192.168.1.9] o.s.web.servlet.DispatcherServlet        : Initializing Servlet 'dispatcherServlet'
2025-09-07T19:12:38.619-05:00  INFO 14204 --- [order-service] [RMI TCP Connection(3)-192.168.1.9] o.s.web.servlet.DispatcherServlet        : Completed initialization in 7 ms
2025-09-07T19:13:36.632-05:00  INFO 14204 --- [order-service] [SpringApplicationShutdownHook] o.s.c.n.e.s.EurekaServiceRegistry        : Unregistering application ORDER-SERVICE with eureka with status DOWN
2025-09-07T19:13:36.632-05:00  INFO 14204 --- [order-service] [SpringApplicationShutdownHook] com.netflix.discovery.DiscoveryClient    : Saw local status change event StatusChangeEvent [timestamp=1757290416632, current=DOWN, previous=UP]
2025-09-07T19:13:36.633-05:00  INFO 14204 --- [order-service] [DiscoveryClient-InstanceInfoReplicator-%d] com.netflix.discovery.DiscoveryClient    : DiscoveryClient_ORDER-SERVICE/order-service:8083: registering service...
2025-09-07T19:13:36.639-05:00  INFO 14204 --- [order-service] [SpringApplicationShutdownHook] o.s.b.w.e.tomcat.GracefulShutdown        : Commencing graceful shutdown. Waiting for active requests to complete
2025-09-07T19:13:36.650-05:00  INFO 14204 --- [order-service] [tomcat-shutdown] o.s.b.w.e.tomcat.GracefulShutdown        : Graceful shutdown complete
2025-09-07T19:13:36.656-05:00  INFO 14204 --- [order-service] [SpringApplicationShutdownHook] o.s.i.endpoint.EventDrivenConsumer       : Removing {logging-channel-adapter:_org.springframework.integration.errorLogger} as a subscriber to the 'errorChannel' channel
2025-09-07T19:13:36.656-05:00  INFO 14204 --- [order-service] [SpringApplicationShutdownHook] o.s.i.channel.PublishSubscribeChannel    : Channel 'order-service.errorChannel' has 0 subscriber(s).
2025-09-07T19:13:36.657-05:00  INFO 14204 --- [order-service] [DiscoveryClient-InstanceInfoReplicator-%d] com.netflix.discovery.DiscoveryClient    : DiscoveryClient_ORDER-SERVICE/order-service:8083 - registration status: 204
2025-09-07T19:13:36.657-05:00  INFO 14204 --- [order-service] [SpringApplicationShutdownHook] o.s.i.endpoint.EventDrivenConsumer       : stopped bean '_org.springframework.integration.errorLogger'
2025-09-07T19:13:36.681-05:00  INFO 14204 --- [order-service] [SpringApplicationShutdownHook] j.LocalContainerEntityManagerFactoryBean : Closing JPA EntityManagerFactory for persistence unit 'default'
2025-09-07T19:13:36.686-05:00  INFO 14204 --- [order-service] [SpringApplicationShutdownHook] com.zaxxer.hikari.HikariDataSource       : HikariPool-1 - Shutdown initiated...
2025-09-07T19:13:36.703-05:00  INFO 14204 --- [order-service] [SpringApplicationShutdownHook] com.zaxxer.hikari.HikariDataSource       : HikariPool-1 - Shutdown completed.
2025-09-07T19:13:36.708-05:00  INFO 14204 --- [order-service] [SpringApplicationShutdownHook] com.netflix.discovery.DiscoveryClient    : Shutting down DiscoveryClient ...
2025-09-07T19:13:39.719-05:00  WARN 14204 --- [order-service] [DiscoveryClient-%d] c.netflix.discovery.TimedSupervisorTask  : task supervisor shutting down, can't accept the task
2025-09-07T19:13:39.719-05:00  INFO 14204 --- [order-service] [SpringApplicationShutdownHook] com.netflix.discovery.DiscoveryClient    : Unregistering ...
2025-09-07T19:13:39.725-05:00  INFO 14204 --- [order-service] [SpringApplicationShutdownHook] com.netflix.discovery.DiscoveryClient    : DiscoveryClient_ORDER-SERVICE/order-service:8083 - deregister  status: 200
2025-09-07T19:13:39.725-05:00  INFO 14204 --- [order-service] [SpringApplicationShutdownHook] com.netflix.discovery.DiscoveryClient    : Completed shut down of DiscoveryClient
2025-09-07T19:13:54.093-05:00  INFO 28848 --- [order-service] [main] com.arkam.order.OrderApplication         : Starting OrderApplication using Java 22.0.2 with PID 28848 (C:\Users\Freddy\OneDrive\Desktop\ARKAM SpringBoot\arkam-microservices\order\target\classes started by Freddy in C:\Users\Freddy\OneDrive\Desktop\ARKAM SpringBoot\arkam-microservices)
2025-09-07T19:13:54.096-05:00  INFO 28848 --- [order-service] [main] com.arkam.order.OrderApplication         : No active profile set, falling back to 1 default profile: "default"
2025-09-07T19:13:54.148-05:00  INFO 28848 --- [order-service] [main] o.s.c.c.c.ConfigServerConfigDataLoader   : Fetching config from server at : http://localhost:8888
2025-09-07T19:13:54.149-05:00  INFO 28848 --- [order-service] [main] o.s.c.c.c.ConfigServerConfigDataLoader   : Located environment: name=order-service, profiles=[default], label=null, version=null, state=null
2025-09-07T19:13:55.589-05:00  INFO 28848 --- [order-service] [main] .s.d.r.c.RepositoryConfigurationDelegate : Bootstrapping Spring Data JPA repositories in DEFAULT mode.
2025-09-07T19:13:55.732-05:00  INFO 28848 --- [order-service] [main] .s.d.r.c.RepositoryConfigurationDelegate : Finished Spring Data repository scanning in 134 ms. Found 2 JPA repository interfaces.
2025-09-07T19:13:56.001-05:00  INFO 28848 --- [order-service] [main] faultConfiguringBeanFactoryPostProcessor : No bean named 'errorChannel' has been explicitly defined. Therefore, a default PublishSubscribeChannel will be created.
2025-09-07T19:13:56.009-05:00  INFO 28848 --- [order-service] [main] faultConfiguringBeanFactoryPostProcessor : No bean named 'integrationHeaderChannelRegistry' has been explicitly defined. Therefore, a default DefaultHeaderChannelRegistry will be created.
2025-09-07T19:13:56.248-05:00  INFO 28848 --- [order-service] [main] o.s.cloud.context.scope.GenericScope     : BeanFactory id=075e75b9-51a9-3688-82ad-50ecc590042b
2025-09-07T19:13:57.218-05:00  INFO 28848 --- [order-service] [main] o.s.b.w.embedded.tomcat.TomcatWebServer  : Tomcat initialized with port 8083 (http)
2025-09-07T19:13:57.234-05:00  INFO 28848 --- [order-service] [main] o.apache.catalina.core.StandardService   : Starting service [Tomcat]
2025-09-07T19:13:57.235-05:00  INFO 28848 --- [order-service] [main] o.apache.catalina.core.StandardEngine    : Starting Servlet engine: [Apache Tomcat/10.1.41]
2025-09-07T19:13:57.302-05:00  INFO 28848 --- [order-service] [main] o.a.c.c.C.[Tomcat].[localhost].[/]       : Initializing Spring embedded WebApplicationContext
2025-09-07T19:13:57.303-05:00  INFO 28848 --- [order-service] [main] w.s.c.ServletWebServerApplicationContext : Root WebApplicationContext: initialization completed in 3152 ms
2025-09-07T19:13:57.928-05:00  INFO 28848 --- [order-service] [main] o.hibernate.jpa.internal.util.LogHelper  : HHH000204: Processing PersistenceUnitInfo [name: default]
2025-09-07T19:13:57.980-05:00  INFO 28848 --- [order-service] [main] org.hibernate.Version                    : HHH000412: Hibernate ORM core version 6.6.15.Final
2025-09-07T19:13:58.017-05:00  INFO 28848 --- [order-service] [main] o.h.c.internal.RegionFactoryInitiator    : HHH000026: Second-level cache disabled
2025-09-07T19:13:58.321-05:00  INFO 28848 --- [order-service] [main] o.s.o.j.p.SpringPersistenceUnitInfo      : No LoadTimeWeaver setup: ignoring JPA class transformer
2025-09-07T19:13:58.358-05:00  INFO 28848 --- [order-service] [main] com.zaxxer.hikari.HikariDataSource       : HikariPool-1 - Starting...
2025-09-07T19:13:58.581-05:00  INFO 28848 --- [order-service] [main] com.zaxxer.hikari.pool.HikariPool        : HikariPool-1 - Added connection org.postgresql.jdbc.PgConnection@7f0b2bf1
2025-09-07T19:13:58.583-05:00  INFO 28848 --- [order-service] [main] com.zaxxer.hikari.HikariDataSource       : HikariPool-1 - Start completed.
2025-09-07T19:13:58.619-05:00  WARN 28848 --- [order-service] [main] org.hibernate.orm.deprecation            : HHH90000025: PostgreSQLDialect does not need to be specified explicitly using 'hibernate.dialect' (remove the property setting and it will be selected by default)
2025-09-07T19:13:58.642-05:00  INFO 28848 --- [order-service] [main] org.hibernate.orm.connections.pooling    : HHH10001005: Database info:
	Database JDBC URL [Connecting through datasource 'HikariDataSource (HikariPool-1)']
	Database driver: undefined/unknown
	Database version: 14.18
	Autocommit mode: undefined/unknown
	Isolation level: undefined/unknown
	Minimum pool size: undefined/unknown
	Maximum pool size: undefined/unknown
2025-09-07T19:13:59.848-05:00  INFO 28848 --- [order-service] [main] o.h.e.t.j.p.i.JtaPlatformInitiator       : HHH000489: No JTA platform available (set 'hibernate.transaction.jta.platform' to enable JTA platform integration)
2025-09-07T19:14:00.052-05:00  INFO 28848 --- [order-service] [main] j.LocalContainerEntityManagerFactoryBean : Initialized JPA EntityManagerFactory for persistence unit 'default'
2025-09-07T19:14:01.368-05:00  WARN 28848 --- [order-service] [main] JpaBaseConfiguration$JpaWebConfiguration : spring.jpa.open-in-view is enabled by default. Therefore, database queries may be performed during view rendering. Explicitly configure spring.jpa.open-in-view to disable this warning
2025-09-07T19:14:03.594-05:00  INFO 28848 --- [order-service] [main] DiscoveryClientOptionalArgsConfiguration : Eureka HTTP Client uses RestTemplate.
2025-09-07T19:14:03.702-05:00  WARN 28848 --- [order-service] [main] iguration$LoadBalancerCaffeineWarnLogger : Spring Cloud LoadBalancer is currently working with the default cache. While this cache implementation is useful for development and tests, it's recommended to use Caffeine cache in production.You can switch to using Caffeine cache, by adding it and org.springframework.cache.caffeine.CaffeineCacheManager to the classpath.
2025-09-07T19:14:03.724-05:00  INFO 28848 --- [order-service] [main] o.s.b.a.e.web.EndpointLinksResolver      : Exposing 31 endpoints beneath base path '/actuator'
2025-09-07T19:14:04.067-05:00  INFO 28848 --- [order-service] [main] figuration$IntegrationJmxConfiguration$1 : Registering MessageChannel errorChannel
2025-09-07T19:14:04.075-05:00  INFO 28848 --- [order-service] [main] figuration$IntegrationJmxConfiguration$1 : Registering MessageChannel nullChannel
2025-09-07T19:14:04.091-05:00  INFO 28848 --- [order-service] [main] figuration$IntegrationJmxConfiguration$1 : Registering MessageHandler _org.springframework.integration.errorLogger
2025-09-07T19:14:04.116-05:00  INFO 28848 --- [order-service] [main] o.s.i.endpoint.EventDrivenConsumer       : Adding {logging-channel-adapter:_org.springframework.integration.errorLogger} as a subscriber to the 'errorChannel' channel
2025-09-07T19:14:04.118-05:00  INFO 28848 --- [order-service] [main] o.s.i.channel.PublishSubscribeChannel    : Channel 'order-service.errorChannel' has 1 subscriber(s).
2025-09-07T19:14:04.118-05:00  INFO 28848 --- [order-service] [main] o.s.i.endpoint.EventDrivenConsumer       : started bean '_org.springframework.integration.errorLogger'
2025-09-07T19:14:04.133-05:00  INFO 28848 --- [order-service] [main] o.s.c.n.eureka.InstanceInfoFactory       : Setting initial instance status as: STARTING
2025-09-07T19:14:04.163-05:00  INFO 28848 --- [order-service] [main] com.netflix.discovery.DiscoveryClient    : Initializing Eureka in region us-east-1
2025-09-07T19:14:04.167-05:00  INFO 28848 --- [order-service] [main] c.n.d.s.r.aws.ConfigClusterResolver      : Resolving eureka endpoints via configuration
2025-09-07T19:14:04.178-05:00  INFO 28848 --- [order-service] [main] com.netflix.discovery.DiscoveryClient    : Disable delta property : false
2025-09-07T19:14:04.178-05:00  INFO 28848 --- [order-service] [main] com.netflix.discovery.DiscoveryClient    : Single vip registry refresh property : null
2025-09-07T19:14:04.178-05:00  INFO 28848 --- [order-service] [main] com.netflix.discovery.DiscoveryClient    : Force full registry fetch : false
2025-09-07T19:14:04.179-05:00  INFO 28848 --- [order-service] [main] com.netflix.discovery.DiscoveryClient    : Application is null : false
2025-09-07T19:14:04.179-05:00  INFO 28848 --- [order-service] [main] com.netflix.discovery.DiscoveryClient    : Registered Applications size is zero : true
2025-09-07T19:14:04.179-05:00  INFO 28848 --- [order-service] [main] com.netflix.discovery.DiscoveryClient    : Application version is -1: true
2025-09-07T19:14:04.179-05:00  INFO 28848 --- [order-service] [main] com.netflix.discovery.DiscoveryClient    : Getting all instance registry info from the eureka server
2025-09-07T19:14:04.382-05:00  INFO 28848 --- [order-service] [main] com.netflix.discovery.DiscoveryClient    : The response status is 200
2025-09-07T19:14:04.384-05:00  INFO 28848 --- [order-service] [main] com.netflix.discovery.DiscoveryClient    : Starting heartbeat executor: renew interval is: 30
2025-09-07T19:14:04.386-05:00  INFO 28848 --- [order-service] [main] c.n.discovery.InstanceInfoReplicator     : InstanceInfoReplicator onDemand update allowed rate per min is 4
2025-09-07T19:14:04.388-05:00  INFO 28848 --- [order-service] [main] com.netflix.discovery.DiscoveryClient    : Discovery Client initialized at timestamp 1757290444387 with initial instances count: 3
2025-09-07T19:14:04.401-05:00  INFO 28848 --- [order-service] [main] o.s.c.n.e.s.EurekaServiceRegistry        : Registering application ORDER-SERVICE with eureka with status UP
2025-09-07T19:14:04.401-05:00  INFO 28848 --- [order-service] [main] com.netflix.discovery.DiscoveryClient    : Saw local status change event StatusChangeEvent [timestamp=1757290444401, current=UP, previous=STARTING]
2025-09-07T19:14:04.404-05:00  INFO 28848 --- [order-service] [DiscoveryClient-InstanceInfoReplicator-%d] com.netflix.discovery.DiscoveryClient    : DiscoveryClient_ORDER-SERVICE/order-service:8083: registering service...
2025-09-07T19:14:04.431-05:00  INFO 28848 --- [order-service] [main] o.s.b.w.embedded.tomcat.TomcatWebServer  : Tomcat started on port 8083 (http) with context path '/'
2025-09-07T19:14:04.432-05:00  INFO 28848 --- [order-service] [main] .s.c.n.e.s.EurekaAutoServiceRegistration : Updating port to 8083
2025-09-07T19:14:04.461-05:00  INFO 28848 --- [order-service] [DiscoveryClient-InstanceInfoReplicator-%d] com.netflix.discovery.DiscoveryClient    : DiscoveryClient_ORDER-SERVICE/order-service:8083 - registration status: 204
2025-09-07T19:14:04.488-05:00  INFO 28848 --- [order-service] [main] com.arkam.order.OrderApplication         : Started OrderApplication in 11.723 seconds (process running for 22.498)
2025-09-07T19:19:04.201-05:00  INFO 28848 --- [order-service] [AsyncResolver-bootstrap-executor-%d] c.n.d.s.r.aws.ConfigClusterResolver      : Resolving eureka endpoints via configuration
2025-09-07T19:24:04.222-05:00  INFO 28848 --- [order-service] [AsyncResolver-bootstrap-executor-%d] c.n.d.s.r.aws.ConfigClusterResolver      : Resolving eureka endpoints via configuration
2025-09-07T19:29:04.249-05:00  INFO 28848 --- [order-service] [AsyncResolver-bootstrap-executor-%d] c.n.d.s.r.aws.ConfigClusterResolver      : Resolving eureka endpoints via configuration
2025-09-07T19:34:04.276-05:00  INFO 28848 --- [order-service] [AsyncResolver-bootstrap-executor-%d] c.n.d.s.r.aws.ConfigClusterResolver      : Resolving eureka endpoints via configuration
2025-09-07T19:39:04.300-05:00  INFO 28848 --- [order-service] [AsyncResolver-bootstrap-executor-%d] c.n.d.s.r.aws.ConfigClusterResolver      : Resolving eureka endpoints via configuration
2025-09-07T19:44:04.316-05:00  INFO 28848 --- [order-service] [AsyncResolver-bootstrap-executor-%d] c.n.d.s.r.aws.ConfigClusterResolver      : Resolving eureka endpoints via configuration
2025-09-07T19:49:04.334-05:00  INFO 28848 --- [order-service] [AsyncResolver-bootstrap-executor-%d] c.n.d.s.r.aws.ConfigClusterResolver      : Resolving eureka endpoints via configuration
2025-09-07T19:54:04.354-05:00  INFO 28848 --- [order-service] [AsyncResolver-bootstrap-executor-%d] c.n.d.s.r.aws.ConfigClusterResolver      : Resolving eureka endpoints via configuration
2025-09-07T19:54:42.187-05:00  INFO 28848 --- [order-service] [SpringApplicationShutdownHook] o.s.c.n.e.s.EurekaServiceRegistry        : Unregistering application ORDER-SERVICE with eureka with status DOWN
2025-09-07T19:54:42.189-05:00  INFO 28848 --- [order-service] [SpringApplicationShutdownHook] com.netflix.discovery.DiscoveryClient    : Saw local status change event StatusChangeEvent [timestamp=1757292882189, current=DOWN, previous=UP]
2025-09-07T19:54:42.190-05:00  INFO 28848 --- [order-service] [DiscoveryClient-InstanceInfoReplicator-%d] com.netflix.discovery.DiscoveryClient    : DiscoveryClient_ORDER-SERVICE/order-service:8083: registering service...
2025-09-07T19:54:42.216-05:00  INFO 28848 --- [order-service] [DiscoveryClient-InstanceInfoReplicator-%d] com.netflix.discovery.DiscoveryClient    : DiscoveryClient_ORDER-SERVICE/order-service:8083 - registration status: 204
2025-09-07T19:54:42.315-05:00  INFO 28848 --- [order-service] [SpringApplicationShutdownHook] o.s.b.w.e.tomcat.GracefulShutdown        : Commencing graceful shutdown. Waiting for active requests to complete
2025-09-07T19:54:42.349-05:00  INFO 28848 --- [order-service] [tomcat-shutdown] o.s.b.w.e.tomcat.GracefulShutdown        : Graceful shutdown complete
2025-09-07T19:54:42.391-05:00  INFO 28848 --- [order-service] [SpringApplicationShutdownHook] o.s.i.endpoint.EventDrivenConsumer       : Removing {logging-channel-adapter:_org.springframework.integration.errorLogger} as a subscriber to the 'errorChannel' channel
2025-09-07T19:54:42.392-05:00  INFO 28848 --- [order-service] [SpringApplicationShutdownHook] o.s.i.channel.PublishSubscribeChannel    : Channel 'order-service.errorChannel' has 0 subscriber(s).
2025-09-07T19:54:42.396-05:00  INFO 28848 --- [order-service] [SpringApplicationShutdownHook] o.s.i.endpoint.EventDrivenConsumer       : stopped bean '_org.springframework.integration.errorLogger'
2025-09-07T19:54:42.458-05:00  INFO 28848 --- [order-service] [SpringApplicationShutdownHook] j.LocalContainerEntityManagerFactoryBean : Closing JPA EntityManagerFactory for persistence unit 'default'
2025-09-07T19:54:42.504-05:00  INFO 28848 --- [order-service] [SpringApplicationShutdownHook] com.zaxxer.hikari.HikariDataSource       : HikariPool-1 - Shutdown initiated...
2025-09-07T19:54:42.516-05:00  INFO 28848 --- [order-service] [SpringApplicationShutdownHook] com.zaxxer.hikari.HikariDataSource       : HikariPool-1 - Shutdown completed.
2025-09-07T19:54:42.524-05:00  INFO 28848 --- [order-service] [SpringApplicationShutdownHook] com.netflix.discovery.DiscoveryClient    : Shutting down DiscoveryClient ...
2025-09-07T19:54:45.533-05:00  INFO 28848 --- [order-service] [SpringApplicationShutdownHook] com.netflix.discovery.DiscoveryClient    : Unregistering ...
2025-09-07T19:54:45.550-05:00  INFO 28848 --- [order-service] [SpringApplicationShutdownHook] com.netflix.discovery.DiscoveryClient    : DiscoveryClient_ORDER-SERVICE/order-service:8083 - deregister  status: 200
2025-09-07T19:54:45.552-05:00  INFO 28848 --- [order-service] [SpringApplicationShutdownHook] com.netflix.discovery.DiscoveryClient    : Completed shut down of DiscoveryClient
2025-09-07T19:54:58.372-05:00  INFO 15932 --- [order-service] [main] com.arkam.order.OrderApplication         : Starting OrderApplication using Java 22.0.2 with PID 15932 (C:\Users\Freddy\OneDrive\Desktop\ARKAM SpringBoot\arkam-microservices\order\target\classes started by Freddy in C:\Users\Freddy\OneDrive\Desktop\ARKAM SpringBoot\arkam-microservices)
2025-09-07T19:54:58.376-05:00  INFO 15932 --- [order-service] [main] com.arkam.order.OrderApplication         : No active profile set, falling back to 1 default profile: "default"
2025-09-07T19:54:58.440-05:00  INFO 15932 --- [order-service] [main] o.s.c.c.c.ConfigServerConfigDataLoader   : Fetching config from server at : http://localhost:8888
2025-09-07T19:54:58.441-05:00  INFO 15932 --- [order-service] [main] o.s.c.c.c.ConfigServerConfigDataLoader   : Located environment: name=order-service, profiles=[default], label=null, version=null, state=null
2025-09-07T19:55:00.645-05:00  INFO 15932 --- [order-service] [main] .s.d.r.c.RepositoryConfigurationDelegate : Bootstrapping Spring Data JPA repositories in DEFAULT mode.
2025-09-07T19:55:00.855-05:00  INFO 15932 --- [order-service] [main] .s.d.r.c.RepositoryConfigurationDelegate : Finished Spring Data repository scanning in 196 ms. Found 2 JPA repository interfaces.
2025-09-07T19:55:01.280-05:00  INFO 15932 --- [order-service] [main] faultConfiguringBeanFactoryPostProcessor : No bean named 'errorChannel' has been explicitly defined. Therefore, a default PublishSubscribeChannel will be created.
2025-09-07T19:55:01.299-05:00  INFO 15932 --- [order-service] [main] faultConfiguringBeanFactoryPostProcessor : No bean named 'integrationHeaderChannelRegistry' has been explicitly defined. Therefore, a default DefaultHeaderChannelRegistry will be created.
2025-09-07T19:55:01.735-05:00  INFO 15932 --- [order-service] [main] o.s.cloud.context.scope.GenericScope     : BeanFactory id=075e75b9-51a9-3688-82ad-50ecc590042b
2025-09-07T19:55:03.927-05:00  INFO 15932 --- [order-service] [main] o.s.b.w.embedded.tomcat.TomcatWebServer  : Tomcat initialized with port 8083 (http)
2025-09-07T19:55:03.974-05:00  INFO 15932 --- [order-service] [main] o.apache.catalina.core.StandardService   : Starting service [Tomcat]
2025-09-07T19:55:03.975-05:00  INFO 15932 --- [order-service] [main] o.apache.catalina.core.StandardEngine    : Starting Servlet engine: [Apache Tomcat/10.1.41]
2025-09-07T19:55:04.119-05:00  INFO 15932 --- [order-service] [main] o.a.c.c.C.[Tomcat].[localhost].[/]       : Initializing Spring embedded WebApplicationContext
2025-09-07T19:55:04.120-05:00  INFO 15932 --- [order-service] [main] w.s.c.ServletWebServerApplicationContext : Root WebApplicationContext: initialization completed in 5676 ms
2025-09-07T19:55:05.278-05:00  INFO 15932 --- [order-service] [main] o.hibernate.jpa.internal.util.LogHelper  : HHH000204: Processing PersistenceUnitInfo [name: default]
2025-09-07T19:55:05.454-05:00  INFO 15932 --- [order-service] [main] org.hibernate.Version                    : HHH000412: Hibernate ORM core version 6.6.15.Final
2025-09-07T19:55:05.544-05:00  INFO 15932 --- [order-service] [main] o.h.c.internal.RegionFactoryInitiator    : HHH000026: Second-level cache disabled
2025-09-07T19:55:06.310-05:00  INFO 15932 --- [order-service] [main] o.s.o.j.p.SpringPersistenceUnitInfo      : No LoadTimeWeaver setup: ignoring JPA class transformer
2025-09-07T19:55:06.396-05:00  INFO 15932 --- [order-service] [main] com.zaxxer.hikari.HikariDataSource       : HikariPool-1 - Starting...
2025-09-07T19:55:06.727-05:00  INFO 15932 --- [order-service] [main] com.zaxxer.hikari.pool.HikariPool        : HikariPool-1 - Added connection org.postgresql.jdbc.PgConnection@2bc52b08
2025-09-07T19:55:06.730-05:00  INFO 15932 --- [order-service] [main] com.zaxxer.hikari.HikariDataSource       : HikariPool-1 - Start completed.
2025-09-07T19:55:06.851-05:00  WARN 15932 --- [order-service] [main] org.hibernate.orm.deprecation            : HHH90000025: PostgreSQLDialect does not need to be specified explicitly using 'hibernate.dialect' (remove the property setting and it will be selected by default)
2025-09-07T19:55:06.899-05:00  INFO 15932 --- [order-service] [main] org.hibernate.orm.connections.pooling    : HHH10001005: Database info:
	Database JDBC URL [Connecting through datasource 'HikariDataSource (HikariPool-1)']
	Database driver: undefined/unknown
	Database version: 14.18
	Autocommit mode: undefined/unknown
	Isolation level: undefined/unknown
	Minimum pool size: undefined/unknown
	Maximum pool size: undefined/unknown
2025-09-07T19:55:08.813-05:00  INFO 15932 --- [order-service] [main] o.h.e.t.j.p.i.JtaPlatformInitiator       : HHH000489: No JTA platform available (set 'hibernate.transaction.jta.platform' to enable JTA platform integration)
2025-09-07T19:55:09.103-05:00  INFO 15932 --- [order-service] [main] j.LocalContainerEntityManagerFactoryBean : Initialized JPA EntityManagerFactory for persistence unit 'default'
2025-09-07T19:55:10.606-05:00  WARN 15932 --- [order-service] [main] JpaBaseConfiguration$JpaWebConfiguration : spring.jpa.open-in-view is enabled by default. Therefore, database queries may be performed during view rendering. Explicitly configure spring.jpa.open-in-view to disable this warning
2025-09-07T19:55:12.968-05:00  INFO 15932 --- [order-service] [main] DiscoveryClientOptionalArgsConfiguration : Eureka HTTP Client uses RestTemplate.
2025-09-07T19:55:13.095-05:00  WARN 15932 --- [order-service] [main] iguration$LoadBalancerCaffeineWarnLogger : Spring Cloud LoadBalancer is currently working with the default cache. While this cache implementation is useful for development and tests, it's recommended to use Caffeine cache in production.You can switch to using Caffeine cache, by adding it and org.springframework.cache.caffeine.CaffeineCacheManager to the classpath.
2025-09-07T19:55:13.126-05:00  INFO 15932 --- [order-service] [main] o.s.b.a.e.web.EndpointLinksResolver      : Exposing 31 endpoints beneath base path '/actuator'
2025-09-07T19:55:13.477-05:00  INFO 15932 --- [order-service] [main] figuration$IntegrationJmxConfiguration$1 : Registering MessageChannel errorChannel
2025-09-07T19:55:13.483-05:00  INFO 15932 --- [order-service] [main] figuration$IntegrationJmxConfiguration$1 : Registering MessageChannel nullChannel
2025-09-07T19:55:13.496-05:00  INFO 15932 --- [order-service] [main] figuration$IntegrationJmxConfiguration$1 : Registering MessageHandler _org.springframework.integration.errorLogger
2025-09-07T19:55:13.523-05:00  INFO 15932 --- [order-service] [main] o.s.i.endpoint.EventDrivenConsumer       : Adding {logging-channel-adapter:_org.springframework.integration.errorLogger} as a subscriber to the 'errorChannel' channel
2025-09-07T19:55:13.523-05:00  INFO 15932 --- [order-service] [main] o.s.i.channel.PublishSubscribeChannel    : Channel 'order-service.errorChannel' has 1 subscriber(s).
2025-09-07T19:55:13.525-05:00  INFO 15932 --- [order-service] [main] o.s.i.endpoint.EventDrivenConsumer       : started bean '_org.springframework.integration.errorLogger'
2025-09-07T19:55:13.540-05:00  INFO 15932 --- [order-service] [main] o.s.c.n.eureka.InstanceInfoFactory       : Setting initial instance status as: STARTING
2025-09-07T19:55:13.577-05:00  INFO 15932 --- [order-service] [main] com.netflix.discovery.DiscoveryClient    : Initializing Eureka in region us-east-1
2025-09-07T19:55:13.583-05:00  INFO 15932 --- [order-service] [main] c.n.d.s.r.aws.ConfigClusterResolver      : Resolving eureka endpoints via configuration
2025-09-07T19:55:13.593-05:00  INFO 15932 --- [order-service] [main] com.netflix.discovery.DiscoveryClient    : Disable delta property : false
2025-09-07T19:55:13.593-05:00  INFO 15932 --- [order-service] [main] com.netflix.discovery.DiscoveryClient    : Single vip registry refresh property : null
2025-09-07T19:55:13.593-05:00  INFO 15932 --- [order-service] [main] com.netflix.discovery.DiscoveryClient    : Force full registry fetch : false
2025-09-07T19:55:13.593-05:00  INFO 15932 --- [order-service] [main] com.netflix.discovery.DiscoveryClient    : Application is null : false
2025-09-07T19:55:13.594-05:00  INFO 15932 --- [order-service] [main] com.netflix.discovery.DiscoveryClient    : Registered Applications size is zero : true
2025-09-07T19:55:13.594-05:00  INFO 15932 --- [order-service] [main] com.netflix.discovery.DiscoveryClient    : Application version is -1: true
2025-09-07T19:55:13.594-05:00  INFO 15932 --- [order-service] [main] com.netflix.discovery.DiscoveryClient    : Getting all instance registry info from the eureka server
2025-09-07T19:55:13.865-05:00  INFO 15932 --- [order-service] [main] com.netflix.discovery.DiscoveryClient    : The response status is 200
2025-09-07T19:55:13.868-05:00  INFO 15932 --- [order-service] [main] com.netflix.discovery.DiscoveryClient    : Starting heartbeat executor: renew interval is: 30
2025-09-07T19:55:13.871-05:00  INFO 15932 --- [order-service] [main] c.n.discovery.InstanceInfoReplicator     : InstanceInfoReplicator onDemand update allowed rate per min is 4
2025-09-07T19:55:13.873-05:00  INFO 15932 --- [order-service] [main] com.netflix.discovery.DiscoveryClient    : Discovery Client initialized at timestamp 1757292913873 with initial instances count: 2
2025-09-07T19:55:13.891-05:00  INFO 15932 --- [order-service] [main] o.s.c.n.e.s.EurekaServiceRegistry        : Registering application ORDER-SERVICE with eureka with status UP
2025-09-07T19:55:13.892-05:00  INFO 15932 --- [order-service] [main] com.netflix.discovery.DiscoveryClient    : Saw local status change event StatusChangeEvent [timestamp=1757292913892, current=UP, previous=STARTING]
2025-09-07T19:55:13.894-05:00  INFO 15932 --- [order-service] [DiscoveryClient-InstanceInfoReplicator-%d] com.netflix.discovery.DiscoveryClient    : DiscoveryClient_ORDER-SERVICE/order-service:8083: registering service...
2025-09-07T19:55:13.917-05:00  INFO 15932 --- [order-service] [main] o.s.b.w.embedded.tomcat.TomcatWebServer  : Tomcat started on port 8083 (http) with context path '/'
2025-09-07T19:55:13.918-05:00  INFO 15932 --- [order-service] [main] .s.c.n.e.s.EurekaAutoServiceRegistration : Updating port to 8083
2025-09-07T19:55:13.942-05:00  INFO 15932 --- [order-service] [DiscoveryClient-InstanceInfoReplicator-%d] com.netflix.discovery.DiscoveryClient    : DiscoveryClient_ORDER-SERVICE/order-service:8083 - registration status: 204
2025-09-07T19:55:13.961-05:00  INFO 15932 --- [order-service] [main] com.arkam.order.OrderApplication         : Started OrderApplication in 18.291 seconds (process running for 22.593)
2025-09-07T19:59:37.235-05:00  INFO 15932 --- [order-service] [http-nio-8083-exec-1] o.a.c.c.C.[Tomcat].[localhost].[/]       : Initializing Spring DispatcherServlet 'dispatcherServlet'
2025-09-07T19:59:37.235-05:00  INFO 15932 --- [order-service] [http-nio-8083-exec-1] o.s.web.servlet.DispatcherServlet        : Initializing Servlet 'dispatcherServlet'
2025-09-07T19:59:37.237-05:00  INFO 15932 --- [order-service] [http-nio-8083-exec-1] o.s.web.servlet.DispatcherServlet        : Completed initialization in 2 ms
2025-09-07T20:00:13.616-05:00  INFO 15932 --- [order-service] [AsyncResolver-bootstrap-executor-%d] c.n.d.s.r.aws.ConfigClusterResolver      : Resolving eureka endpoints via configuration
