2025-09-07T18:50:05.520-05:00  WARN 25960 --- [user-service] [AMQP Connection 34.225.181.11:5672] c.r.c.impl.ForgivingExceptionHandler     : An unexpected connection driver error occurred (Exception message: Connection reset)
2025-09-07T18:50:08.095-05:00  WARN 25960 --- [user-service] [springCloudBus.anonymous.3WYFPUXCSOyEIWRpw9gE8Q-279] o.s.a.r.l.SimpleMessageListenerContainer : Consumer raised exception, processing can restart if the connection factory supports it

com.rabbitmq.client.ShutdownSignalException: connection error
	at com.rabbitmq.client.impl.AMQConnection.startShutdown(AMQConnection.java:1007) ~[amqp-client-5.25.0.jar:5.25.0]
	at com.rabbitmq.client.impl.AMQConnection.shutdown(AMQConnection.java:997) ~[amqp-client-5.25.0.jar:5.25.0]
	at com.rabbitmq.client.impl.AMQConnection.handleFailure(AMQConnection.java:801) ~[amqp-client-5.25.0.jar:5.25.0]
	at com.rabbitmq.client.impl.AMQConnection.access$500(AMQConnection.java:48) ~[amqp-client-5.25.0.jar:5.25.0]
	at com.rabbitmq.client.impl.AMQConnection$MainLoop.run(AMQConnection.java:696) ~[amqp-client-5.25.0.jar:5.25.0]
	at java.base/java.lang.Thread.run(Thread.java:1570) ~[na:na]
Caused by: java.net.SocketException: Connection reset
	at java.base/sun.nio.ch.NioSocketImpl.implRead(NioSocketImpl.java:318) ~[na:na]
	at java.base/sun.nio.ch.NioSocketImpl.read(NioSocketImpl.java:346) ~[na:na]
	at java.base/sun.nio.ch.NioSocketImpl$1.read(NioSocketImpl.java:796) ~[na:na]
	at java.base/java.net.Socket$SocketInputStream.implRead(Socket.java:1108) ~[na:na]
	at java.base/java.net.Socket$SocketInputStream.read(Socket.java:1095) ~[na:na]
	at java.base/java.io.BufferedInputStream.fill(BufferedInputStream.java:291) ~[na:na]
	at java.base/java.io.BufferedInputStream.implRead(BufferedInputStream.java:325) ~[na:na]
	at java.base/java.io.BufferedInputStream.read(BufferedInputStream.java:312) ~[na:na]
	at java.base/java.io.DataInputStream.readUnsignedByte(DataInputStream.java:295) ~[na:na]
	at com.rabbitmq.client.impl.Frame.readFrom(Frame.java:91) ~[amqp-client-5.25.0.jar:5.25.0]
	at com.rabbitmq.client.impl.SocketFrameHandler.readFrame(SocketFrameHandler.java:199) ~[amqp-client-5.25.0.jar:5.25.0]
	at com.rabbitmq.client.impl.AMQConnection$MainLoop.run(AMQConnection.java:687) ~[amqp-client-5.25.0.jar:5.25.0]
	... 1 common frames omitted

2025-09-07T18:50:08.943-05:00  INFO 25960 --- [user-service] [springCloudBus.anonymous.3WYFPUXCSOyEIWRpw9gE8Q-279] o.s.a.r.l.SimpleMessageListenerContainer : Restarting Consumer@c569711: tags=[[amq.ctag-RTB3yN90lBYjIZuB9pG3yw]], channel=Cached Rabbit Channel: AMQChannel(amqp://uyzajjdl@34.225.181.11:5672/uyzajjdl,1), conn: Proxy@29509774 Shared Rabbit Connection: SimpleConnection@669e9136 [delegate=amqp://uyzajjdl@34.225.181.11:5672/uyzajjdl, localPort=54930], acknowledgeMode=AUTO local queue size=0
2025-09-07T18:50:09.125-05:00  INFO 25960 --- [user-service] [springCloudBus.anonymous.3WYFPUXCSOyEIWRpw9gE8Q-280] o.s.a.r.c.CachingConnectionFactory       : Attempting to connect to: [shark.rmq.cloudamqp.com:5672]
2025-09-07T18:50:10.179-05:00  INFO 25960 --- [user-service] [springCloudBus.anonymous.3WYFPUXCSOyEIWRpw9gE8Q-280] o.s.a.r.c.CachingConnectionFactory       : Created new connection: rabbitConnectionFactory#6c056020:20/SimpleConnection@1380df9 [delegate=amqp://uyzajjdl@34.225.181.11:5672/uyzajjdl, localPort=55146]
2025-09-07T18:50:10.180-05:00  INFO 25960 --- [user-service] [springCloudBus.anonymous.3WYFPUXCSOyEIWRpw9gE8Q-280] o.s.amqp.rabbit.core.RabbitAdmin         : Auto-declaring a non-durable, auto-delete, or exclusive Queue (springCloudBus.anonymous.3WYFPUXCSOyEIWRpw9gE8Q) durable:false, auto-delete:true, exclusive:true. It will be redeclared if the broker stops and is restarted while the connection factory is alive, but all messages will be lost.
2025-09-07T18:53:08.646-05:00  INFO 25960 --- [user-service] [AsyncResolver-bootstrap-executor-%d] c.n.d.s.r.aws.ConfigClusterResolver      : Resolving eureka endpoints via configuration
2025-09-07T18:58:08.654-05:00  INFO 25960 --- [user-service] [AsyncResolver-bootstrap-executor-%d] c.n.d.s.r.aws.ConfigClusterResolver      : Resolving eureka endpoints via configuration
2025-09-07T19:03:08.663-05:00  INFO 25960 --- [user-service] [AsyncResolver-bootstrap-executor-%d] c.n.d.s.r.aws.ConfigClusterResolver      : Resolving eureka endpoints via configuration
2025-09-07T19:08:08.667-05:00  INFO 25960 --- [user-service] [AsyncResolver-bootstrap-executor-%d] c.n.d.s.r.aws.ConfigClusterResolver      : Resolving eureka endpoints via configuration
2025-09-07T19:13:08.692-05:00  INFO 25960 --- [user-service] [AsyncResolver-bootstrap-executor-%d] c.n.d.s.r.aws.ConfigClusterResolver      : Resolving eureka endpoints via configuration
2025-09-07T19:17:40.428-05:00  INFO 25960 --- [user-service] [SpringApplicationShutdownHook] o.s.c.n.e.s.EurekaServiceRegistry        : Unregistering application USER-SERVICE with eureka with status DOWN
2025-09-07T19:17:40.431-05:00  INFO 25960 --- [user-service] [SpringApplicationShutdownHook] com.netflix.discovery.DiscoveryClient    : Saw local status change event StatusChangeEvent [timestamp=1757290660431, current=DOWN, previous=UP]
2025-09-07T19:17:40.435-05:00  INFO 25960 --- [user-service] [DiscoveryClient-InstanceInfoReplicator-%d] com.netflix.discovery.DiscoveryClient    : DiscoveryClient_USER-SERVICE/user-service:8082: registering service...
2025-09-07T19:17:40.506-05:00  INFO 25960 --- [user-service] [DiscoveryClient-InstanceInfoReplicator-%d] com.netflix.discovery.DiscoveryClient    : DiscoveryClient_USER-SERVICE/user-service:8082 - registration status: 204
2025-09-07T19:17:40.510-05:00  INFO 25960 --- [user-service] [SpringApplicationShutdownHook] o.s.b.w.e.tomcat.GracefulShutdown        : Commencing graceful shutdown. Waiting for active requests to complete
2025-09-07T19:17:40.543-05:00  INFO 25960 --- [user-service] [tomcat-shutdown] o.s.b.w.e.tomcat.GracefulShutdown        : Graceful shutdown complete
2025-09-07T19:17:40.676-05:00  INFO 25960 --- [user-service] [SpringApplicationShutdownHook] o.s.a.r.l.SimpleMessageListenerContainer : Waiting for workers to finish.
2025-09-07T19:17:41.169-05:00  INFO 25960 --- [user-service] [SpringApplicationShutdownHook] o.s.a.r.l.SimpleMessageListenerContainer : Successfully waited for workers to finish.
2025-09-07T19:17:41.176-05:00  INFO 25960 --- [user-service] [SpringApplicationShutdownHook] o.s.i.a.i.AmqpInboundChannelAdapter      : stopped bean 'inbound.springCloudBus.anonymous.3WYFPUXCSOyEIWRpw9gE8Q'
2025-09-07T19:17:41.261-05:00  INFO 25960 --- [user-service] [SpringApplicationShutdownHook] o.s.c.stream.binder.BinderErrorChannel   : Channel 'user-service.rabbit-1158388210.springCloudBusInput.errors' has 1 subscriber(s).
2025-09-07T19:17:41.264-05:00  INFO 25960 --- [user-service] [SpringApplicationShutdownHook] o.s.c.stream.binder.BinderErrorChannel   : Channel 'user-service.rabbit-1158388210.springCloudBusInput.errors' has 0 subscriber(s).
2025-09-07T19:17:41.559-05:00  INFO 25960 --- [user-service] [SpringApplicationShutdownHook] o.s.i.endpoint.EventDrivenConsumer       : Removing {logging-channel-adapter:_org.springframework.integration.errorLogger} as a subscriber to the 'errorChannel' channel
2025-09-07T19:17:41.559-05:00  INFO 25960 --- [user-service] [SpringApplicationShutdownHook] o.s.i.channel.PublishSubscribeChannel    : Channel 'user-service.errorChannel' has 0 subscriber(s).
2025-09-07T19:17:41.560-05:00  INFO 25960 --- [user-service] [SpringApplicationShutdownHook] o.s.i.endpoint.EventDrivenConsumer       : stopped bean '_org.springframework.integration.errorLogger'
2025-09-07T19:17:41.636-05:00  INFO 25960 --- [user-service] [SpringApplicationShutdownHook] com.netflix.discovery.DiscoveryClient    : Shutting down DiscoveryClient ...
2025-09-07T19:17:44.649-05:00  INFO 25960 --- [user-service] [SpringApplicationShutdownHook] com.netflix.discovery.DiscoveryClient    : Unregistering ...
2025-09-07T19:17:44.695-05:00  INFO 25960 --- [user-service] [SpringApplicationShutdownHook] com.netflix.discovery.DiscoveryClient    : DiscoveryClient_USER-SERVICE/user-service:8082 - deregister  status: 200
2025-09-07T19:17:44.697-05:00  INFO 25960 --- [user-service] [SpringApplicationShutdownHook] com.netflix.discovery.DiscoveryClient    : Completed shut down of DiscoveryClient
2025-09-07T19:17:54.427-05:00  INFO 460 --- [user-service] [main] com.arkam.user.UserApplication           : Starting UserApplication using Java 22.0.2 with PID 460 (C:\Users\Freddy\OneDrive\Desktop\ARKAM SpringBoot\arkam-microservices\user\target\classes started by Freddy in C:\Users\Freddy\OneDrive\Desktop\ARKAM SpringBoot\arkam-microservices)
2025-09-07T19:17:54.430-05:00  INFO 460 --- [user-service] [main] com.arkam.user.UserApplication           : No active profile set, falling back to 1 default profile: "default"
2025-09-07T19:17:54.490-05:00  INFO 460 --- [user-service] [main] o.s.c.c.c.ConfigServerConfigDataLoader   : Fetching config from server at : http://localhost:8888
2025-09-07T19:17:54.490-05:00  INFO 460 --- [user-service] [main] o.s.c.c.c.ConfigServerConfigDataLoader   : Located environment: name=user-service, profiles=[default], label=null, version=null, state=null
2025-09-07T19:17:56.170-05:00  INFO 460 --- [user-service] [main] .s.d.r.c.RepositoryConfigurationDelegate : Bootstrapping Spring Data MongoDB repositories in DEFAULT mode.
2025-09-07T19:17:56.334-05:00  INFO 460 --- [user-service] [main] .s.d.r.c.RepositoryConfigurationDelegate : Finished Spring Data repository scanning in 155 ms. Found 1 MongoDB repository interface.
2025-09-07T19:17:56.595-05:00  INFO 460 --- [user-service] [main] faultConfiguringBeanFactoryPostProcessor : No bean named 'errorChannel' has been explicitly defined. Therefore, a default PublishSubscribeChannel will be created.
2025-09-07T19:17:56.604-05:00  INFO 460 --- [user-service] [main] faultConfiguringBeanFactoryPostProcessor : No bean named 'integrationHeaderChannelRegistry' has been explicitly defined. Therefore, a default DefaultHeaderChannelRegistry will be created.
2025-09-07T19:17:56.724-05:00  INFO 460 --- [user-service] [main] o.s.cloud.context.scope.GenericScope     : BeanFactory id=362da5a1-d7eb-316a-bb5a-b5d32ef7789a
2025-09-07T19:17:57.206-05:00  INFO 460 --- [user-service] [main] o.s.b.w.embedded.tomcat.TomcatWebServer  : Tomcat initialized with port 8082 (http)
2025-09-07T19:17:57.229-05:00  INFO 460 --- [user-service] [main] o.apache.catalina.core.StandardService   : Starting service [Tomcat]
2025-09-07T19:17:57.230-05:00  INFO 460 --- [user-service] [main] o.apache.catalina.core.StandardEngine    : Starting Servlet engine: [Apache Tomcat/10.1.41]
2025-09-07T19:17:57.325-05:00  INFO 460 --- [user-service] [main] o.a.c.c.C.[Tomcat].[localhost].[/]       : Initializing Spring embedded WebApplicationContext
2025-09-07T19:17:57.325-05:00  INFO 460 --- [user-service] [main] w.s.c.ServletWebServerApplicationContext : Root WebApplicationContext: initialization completed in 2833 ms
2025-09-07T19:17:58.005-05:00  INFO 460 --- [user-service] [main] org.mongodb.driver.client                : MongoClient with metadata {"driver": {"name": "mongo-java-driver|sync|spring-boot", "version": "5.4.0"}, "os": {"type": "Windows", "name": "Windows 11", "architecture": "amd64", "version": "10.0"}, "platform": "Java/Oracle Corporation/22.0.2+9-70"} created with settings MongoClientSettings{readPreference=primary, writeConcern=WriteConcern{w=null, wTimeout=null ms, journal=null}, retryWrites=true, retryReads=true, readConcern=ReadConcern{level=null}, credential=null, transportSettings=null, commandListeners=[io.micrometer.core.instrument.binder.mongodb.MongoMetricsCommandListener@60b4c754], codecRegistry=ProvidersCodecRegistry{codecProviders=[ValueCodecProvider{}, BsonValueCodecProvider{}, DBRefCodecProvider{}, DBObjectCodecProvider{}, DocumentCodecProvider{}, CollectionCodecProvider{}, IterableCodecProvider{}, MapCodecProvider{}, GeoJsonCodecProvider{}, GridFSFileCodecProvider{}, Jsr310CodecProvider{}, JsonObjectCodecProvider{}, BsonCodecProvider{}, EnumCodecProvider{}, com.mongodb.client.model.mql.ExpressionCodecProvider@2c846d55, com.mongodb.Jep395RecordCodecProvider@735167e1, com.mongodb.KotlinCodecProvider@67689c81]}, loggerSettings=LoggerSettings{maxDocumentLength=1000}, clusterSettings={hosts=[localhost:27017], srvServiceName=mongodb, mode=SINGLE, requiredClusterType=UNKNOWN, requiredReplicaSetName='null', serverSelector='null', clusterListeners='[]', serverSelectionTimeout='30000 ms', localThreshold='15 ms'}, socketSettings=SocketSettings{connectTimeoutMS=10000, readTimeoutMS=0, receiveBufferSize=0, proxySettings=ProxySettings{host=null, port=null, username=null, password=null}}, heartbeatSocketSettings=SocketSettings{connectTimeoutMS=10000, readTimeoutMS=10000, receiveBufferSize=0, proxySettings=ProxySettings{host=null, port=null, username=null, password=null}}, connectionPoolSettings=ConnectionPoolSettings{maxSize=100, minSize=0, maxWaitTimeMS=120000, maxConnectionLifeTimeMS=0, maxConnectionIdleTimeMS=0, maintenanceInitialDelayMS=0, maintenanceFrequencyMS=60000, connectionPoolListeners=[io.micrometer.core.instrument.binder.mongodb.MongoMetricsConnectionPoolListener@21a0795f], maxConnecting=2}, serverSettings=ServerSettings{heartbeatFrequencyMS=10000, minHeartbeatFrequencyMS=500, serverMonitoringMode=AUTO, serverListeners='[]', serverMonitorListeners='[]'}, sslSettings=SslSettings{enabled=false, invalidHostNameAllowed=false, context=null}, applicationName='null', compressorList=[], uuidRepresentation=JAVA_LEGACY, serverApi=null, autoEncryptionSettings=null, dnsClient=null, inetAddressResolver=null, contextProvider=null, timeoutMS=null}
2025-09-07T19:17:58.023-05:00  INFO 460 --- [user-service] [cluster-ClusterId{value='68be20b591634e218b1d0196', description='null'}-localhost:27017] org.mongodb.driver.cluster               : Monitor thread successfully connected to server with description ServerDescription{address=localhost:27017, type=STANDALONE, cryptd=false, state=CONNECTED, ok=true, minWireVersion=0, maxWireVersion=25, maxDocumentSize=16777216, logicalSessionTimeoutMinutes=30, roundTripTimeNanos=43501900, minRoundTripTimeNanos=0}
2025-09-07T19:17:58.125-05:00  WARN 460 --- [user-service] [main] o.s.data.convert.CustomConversions       : Registering converter from interface java.util.List to interface org.springframework.data.domain.Vector as reading converter although it doesn't convert from a store-supported type; You might want to check your annotation setup at the converter implementation
2025-09-07T19:17:58.539-05:00  WARN 460 --- [user-service] [main] o.s.data.convert.CustomConversions       : Registering converter from interface java.util.List to interface org.springframework.data.domain.Vector as reading converter although it doesn't convert from a store-supported type; You might want to check your annotation setup at the converter implementation
2025-09-07T19:17:59.620-05:00  WARN 460 --- [user-service] [main] c.f.c.c.BeanFactoryAwareFunctionRegistry : Failed to locate function 'busConsumer' for function definition 'busConsumer'. Returning null.
2025-09-07T19:17:59.702-05:00  INFO 460 --- [user-service] [main] o.s.c.s.m.DirectWithAttributesChannel    : Channel 'user-service.springCloudBusInput' has 1 subscriber(s).
2025-09-07T19:18:00.005-05:00  INFO 460 --- [user-service] [main] DiscoveryClientOptionalArgsConfiguration : Eureka HTTP Client uses RestTemplate.
2025-09-07T19:18:00.064-05:00  WARN 460 --- [user-service] [main] iguration$LoadBalancerCaffeineWarnLogger : Spring Cloud LoadBalancer is currently working with the default cache. While this cache implementation is useful for development and tests, it's recommended to use Caffeine cache in production.You can switch to using Caffeine cache, by adding it and org.springframework.cache.caffeine.CaffeineCacheManager to the classpath.
2025-09-07T19:18:00.073-05:00  INFO 460 --- [user-service] [main] o.s.b.a.e.web.EndpointLinksResolver      : Exposing 24 endpoints beneath base path '/actuator'
2025-09-07T19:18:00.226-05:00  INFO 460 --- [user-service] [main] figuration$IntegrationJmxConfiguration$1 : Registering MessageChannel errorChannel
2025-09-07T19:18:00.235-05:00  INFO 460 --- [user-service] [main] figuration$IntegrationJmxConfiguration$1 : Registering MessageChannel springCloudBusInput
2025-09-07T19:18:00.240-05:00  INFO 460 --- [user-service] [main] figuration$IntegrationJmxConfiguration$1 : Registering MessageChannel nullChannel
2025-09-07T19:18:00.246-05:00  INFO 460 --- [user-service] [main] figuration$IntegrationJmxConfiguration$1 : Registering MessageHandler _org.springframework.integration.errorLogger
2025-09-07T19:18:00.264-05:00  INFO 460 --- [user-service] [main] o.s.i.endpoint.EventDrivenConsumer       : Adding {logging-channel-adapter:_org.springframework.integration.errorLogger} as a subscriber to the 'errorChannel' channel
2025-09-07T19:18:00.264-05:00  INFO 460 --- [user-service] [main] o.s.i.channel.PublishSubscribeChannel    : Channel 'user-service.errorChannel' has 1 subscriber(s).
2025-09-07T19:18:00.264-05:00  INFO 460 --- [user-service] [main] o.s.i.endpoint.EventDrivenConsumer       : started bean '_org.springframework.integration.errorLogger'
2025-09-07T19:18:00.341-05:00  INFO 460 --- [user-service] [main] o.s.c.n.eureka.InstanceInfoFactory       : Setting initial instance status as: STARTING
2025-09-07T19:18:00.385-05:00  INFO 460 --- [user-service] [main] com.netflix.discovery.DiscoveryClient    : Initializing Eureka in region us-east-1
2025-09-07T19:18:00.392-05:00  INFO 460 --- [user-service] [main] c.n.d.s.r.aws.ConfigClusterResolver      : Resolving eureka endpoints via configuration
2025-09-07T19:18:00.404-05:00  INFO 460 --- [user-service] [main] com.netflix.discovery.DiscoveryClient    : Disable delta property : false
2025-09-07T19:18:00.404-05:00  INFO 460 --- [user-service] [main] com.netflix.discovery.DiscoveryClient    : Single vip registry refresh property : null
2025-09-07T19:18:00.404-05:00  INFO 460 --- [user-service] [main] com.netflix.discovery.DiscoveryClient    : Force full registry fetch : false
2025-09-07T19:18:00.404-05:00  INFO 460 --- [user-service] [main] com.netflix.discovery.DiscoveryClient    : Application is null : false
2025-09-07T19:18:00.404-05:00  INFO 460 --- [user-service] [main] com.netflix.discovery.DiscoveryClient    : Registered Applications size is zero : true
2025-09-07T19:18:00.404-05:00  INFO 460 --- [user-service] [main] com.netflix.discovery.DiscoveryClient    : Application version is -1: true
2025-09-07T19:18:00.404-05:00  INFO 460 --- [user-service] [main] com.netflix.discovery.DiscoveryClient    : Getting all instance registry info from the eureka server
2025-09-07T19:18:00.714-05:00  INFO 460 --- [user-service] [main] com.netflix.discovery.DiscoveryClient    : The response status is 200
2025-09-07T19:18:00.718-05:00  INFO 460 --- [user-service] [main] com.netflix.discovery.DiscoveryClient    : Starting heartbeat executor: renew interval is: 30
2025-09-07T19:18:00.720-05:00  INFO 460 --- [user-service] [main] c.n.discovery.InstanceInfoReplicator     : InstanceInfoReplicator onDemand update allowed rate per min is 4
2025-09-07T19:18:00.724-05:00  INFO 460 --- [user-service] [main] com.netflix.discovery.DiscoveryClient    : Discovery Client initialized at timestamp 1757290680724 with initial instances count: 3
2025-09-07T19:18:00.728-05:00  INFO 460 --- [user-service] [main] o.s.c.n.e.s.EurekaServiceRegistry        : Registering application USER-SERVICE with eureka with status UP
2025-09-07T19:18:00.729-05:00  INFO 460 --- [user-service] [main] com.netflix.discovery.DiscoveryClient    : Saw local status change event StatusChangeEvent [timestamp=1757290680729, current=UP, previous=STARTING]
2025-09-07T19:18:00.731-05:00  INFO 460 --- [user-service] [DiscoveryClient-InstanceInfoReplicator-%d] com.netflix.discovery.DiscoveryClient    : DiscoveryClient_USER-SERVICE/user-service:8082: registering service...
2025-09-07T19:18:00.732-05:00  INFO 460 --- [user-service] [main] o.s.c.s.binder.DefaultBinderFactory      : Creating binder: rabbit
2025-09-07T19:18:00.732-05:00  INFO 460 --- [user-service] [main] o.s.c.s.binder.DefaultBinderFactory      : Constructing binder child context for rabbit
2025-09-07T19:18:00.797-05:00  INFO 460 --- [user-service] [DiscoveryClient-InstanceInfoReplicator-%d] com.netflix.discovery.DiscoveryClient    : DiscoveryClient_USER-SERVICE/user-service:8082 - registration status: 204
2025-09-07T19:18:00.887-05:00  INFO 460 --- [user-service] [main] o.s.c.s.binder.DefaultBinderFactory      : Caching the binder: rabbit
2025-09-07T19:18:00.911-05:00  INFO 460 --- [user-service] [main] c.s.b.r.p.RabbitExchangeQueueProvisioner : declaring queue for inbound: springCloudBus.anonymous.bNqYAQgESamE_C7d6eXl6Q, bound to: springCloudBus
2025-09-07T19:18:00.918-05:00  INFO 460 --- [user-service] [main] o.s.a.r.c.CachingConnectionFactory       : Attempting to connect to: [shark.rmq.cloudamqp.com:5672]
2025-09-07T19:18:01.342-05:00  INFO 460 --- [user-service] [main] o.s.a.r.c.CachingConnectionFactory       : Created new connection: rabbitConnectionFactory#159a0f0e:0/SimpleConnection@551bc2c6 [delegate=amqp://uyzajjdl@34.225.181.11:5672/uyzajjdl, localPort=56576]
2025-09-07T19:18:01.709-05:00  INFO 460 --- [user-service] [main] o.s.c.stream.binder.BinderErrorChannel   : Channel 'rabbit-11230819.springCloudBusInput.errors' has 1 subscriber(s).
2025-09-07T19:18:01.711-05:00  INFO 460 --- [user-service] [main] o.s.c.stream.binder.BinderErrorChannel   : Channel 'rabbit-11230819.springCloudBusInput.errors' has 2 subscriber(s).
2025-09-07T19:18:01.968-05:00  INFO 460 --- [user-service] [main] o.s.i.a.i.AmqpInboundChannelAdapter      : started bean 'inbound.springCloudBus.anonymous.bNqYAQgESamE_C7d6eXl6Q'
2025-09-07T19:18:02.000-05:00  INFO 460 --- [user-service] [main] o.s.b.w.embedded.tomcat.TomcatWebServer  : Tomcat started on port 8082 (http) with context path '/'
2025-09-07T19:18:02.003-05:00  INFO 460 --- [user-service] [main] .s.c.n.e.s.EurekaAutoServiceRegistration : Updating port to 8082
2025-09-07T19:18:02.036-05:00  INFO 460 --- [user-service] [main] figuration$IntegrationJmxConfiguration$1 : Registering MessageChannel rabbit-11230819.springCloudBusInput.errors
2025-09-07T19:18:02.072-05:00  INFO 460 --- [user-service] [main] com.arkam.user.UserApplication           : Started UserApplication in 9.076 seconds (process running for 15.237)
2025-09-07T19:23:00.438-05:00  INFO 460 --- [user-service] [AsyncResolver-bootstrap-executor-%d] c.n.d.s.r.aws.ConfigClusterResolver      : Resolving eureka endpoints via configuration
2025-09-07T19:28:00.456-05:00  INFO 460 --- [user-service] [AsyncResolver-bootstrap-executor-%d] c.n.d.s.r.aws.ConfigClusterResolver      : Resolving eureka endpoints via configuration
2025-09-07T19:33:00.475-05:00  INFO 460 --- [user-service] [AsyncResolver-bootstrap-executor-%d] c.n.d.s.r.aws.ConfigClusterResolver      : Resolving eureka endpoints via configuration
2025-09-07T19:38:00.503-05:00  INFO 460 --- [user-service] [AsyncResolver-bootstrap-executor-%d] c.n.d.s.r.aws.ConfigClusterResolver      : Resolving eureka endpoints via configuration
2025-09-07T19:43:00.517-05:00  INFO 460 --- [user-service] [AsyncResolver-bootstrap-executor-%d] c.n.d.s.r.aws.ConfigClusterResolver      : Resolving eureka endpoints via configuration
2025-09-07T19:48:00.529-05:00  INFO 460 --- [user-service] [AsyncResolver-bootstrap-executor-%d] c.n.d.s.r.aws.ConfigClusterResolver      : Resolving eureka endpoints via configuration
2025-09-07T19:52:37.570-05:00  INFO 460 --- [user-service] [http-nio-8082-exec-1] o.a.c.c.C.[Tomcat].[localhost].[/]       : Initializing Spring DispatcherServlet 'dispatcherServlet'
2025-09-07T19:52:37.572-05:00  INFO 460 --- [user-service] [http-nio-8082-exec-1] o.s.web.servlet.DispatcherServlet        : Initializing Servlet 'dispatcherServlet'
2025-09-07T19:52:37.595-05:00  INFO 460 --- [user-service] [http-nio-8082-exec-1] o.s.web.servlet.DispatcherServlet        : Completed initialization in 20 ms
2025-09-07T19:53:00.545-05:00  INFO 460 --- [user-service] [AsyncResolver-bootstrap-executor-%d] c.n.d.s.r.aws.ConfigClusterResolver      : Resolving eureka endpoints via configuration
2025-09-07T19:54:39.294-05:00  INFO 460 --- [user-service] [SpringApplicationShutdownHook] o.s.c.n.e.s.EurekaServiceRegistry        : Unregistering application USER-SERVICE with eureka with status DOWN
2025-09-07T19:54:39.295-05:00  INFO 460 --- [user-service] [SpringApplicationShutdownHook] com.netflix.discovery.DiscoveryClient    : Saw local status change event StatusChangeEvent [timestamp=1757292879295, current=DOWN, previous=UP]
2025-09-07T19:54:39.296-05:00  INFO 460 --- [user-service] [DiscoveryClient-InstanceInfoReplicator-%d] com.netflix.discovery.DiscoveryClient    : DiscoveryClient_USER-SERVICE/user-service:8082: registering service...
2025-09-07T19:54:39.307-05:00  INFO 460 --- [user-service] [SpringApplicationShutdownHook] o.s.b.w.e.tomcat.GracefulShutdown        : Commencing graceful shutdown. Waiting for active requests to complete
2025-09-07T19:54:39.318-05:00  INFO 460 --- [user-service] [DiscoveryClient-InstanceInfoReplicator-%d] com.netflix.discovery.DiscoveryClient    : DiscoveryClient_USER-SERVICE/user-service:8082 - registration status: 204
2025-09-07T19:54:39.321-05:00  INFO 460 --- [user-service] [tomcat-shutdown] o.s.b.w.e.tomcat.GracefulShutdown        : Graceful shutdown complete
2025-09-07T19:54:39.436-05:00  INFO 460 --- [user-service] [SpringApplicationShutdownHook] o.s.a.r.l.SimpleMessageListenerContainer : Waiting for workers to finish.
2025-09-07T19:54:40.158-05:00  INFO 460 --- [user-service] [SpringApplicationShutdownHook] o.s.a.r.l.SimpleMessageListenerContainer : Successfully waited for workers to finish.
2025-09-07T19:54:40.160-05:00  INFO 460 --- [user-service] [SpringApplicationShutdownHook] o.s.i.a.i.AmqpInboundChannelAdapter      : stopped bean 'inbound.springCloudBus.anonymous.bNqYAQgESamE_C7d6eXl6Q'
2025-09-07T19:54:40.194-05:00  INFO 460 --- [user-service] [SpringApplicationShutdownHook] o.s.c.stream.binder.BinderErrorChannel   : Channel 'user-service.rabbit-11230819.springCloudBusInput.errors' has 1 subscriber(s).
2025-09-07T19:54:40.197-05:00  INFO 460 --- [user-service] [SpringApplicationShutdownHook] o.s.c.stream.binder.BinderErrorChannel   : Channel 'user-service.rabbit-11230819.springCloudBusInput.errors' has 0 subscriber(s).
2025-09-07T19:54:40.331-05:00  INFO 460 --- [user-service] [SpringApplicationShutdownHook] o.s.i.endpoint.EventDrivenConsumer       : Removing {logging-channel-adapter:_org.springframework.integration.errorLogger} as a subscriber to the 'errorChannel' channel
2025-09-07T19:54:40.332-05:00  INFO 460 --- [user-service] [SpringApplicationShutdownHook] o.s.i.channel.PublishSubscribeChannel    : Channel 'user-service.errorChannel' has 0 subscriber(s).
2025-09-07T19:54:40.332-05:00  INFO 460 --- [user-service] [SpringApplicationShutdownHook] o.s.i.endpoint.EventDrivenConsumer       : stopped bean '_org.springframework.integration.errorLogger'
2025-09-07T19:54:40.361-05:00  INFO 460 --- [user-service] [SpringApplicationShutdownHook] com.netflix.discovery.DiscoveryClient    : Shutting down DiscoveryClient ...
2025-09-07T19:54:43.374-05:00  INFO 460 --- [user-service] [SpringApplicationShutdownHook] com.netflix.discovery.DiscoveryClient    : Unregistering ...
2025-09-07T19:54:43.391-05:00  INFO 460 --- [user-service] [SpringApplicationShutdownHook] com.netflix.discovery.DiscoveryClient    : DiscoveryClient_USER-SERVICE/user-service:8082 - deregister  status: 200
2025-09-07T19:54:43.392-05:00  INFO 460 --- [user-service] [SpringApplicationShutdownHook] com.netflix.discovery.DiscoveryClient    : Completed shut down of DiscoveryClient
2025-09-07T19:54:58.899-05:00  INFO 34284 --- [user-service] [main] com.arkam.user.UserApplication           : Starting UserApplication using Java 22.0.2 with PID 34284 (C:\Users\Freddy\OneDrive\Desktop\ARKAM SpringBoot\arkam-microservices\user\target\classes started by Freddy in C:\Users\Freddy\OneDrive\Desktop\ARKAM SpringBoot\arkam-microservices)
2025-09-07T19:54:58.903-05:00  INFO 34284 --- [user-service] [main] com.arkam.user.UserApplication           : No active profile set, falling back to 1 default profile: "default"
2025-09-07T19:54:58.972-05:00  INFO 34284 --- [user-service] [main] o.s.c.c.c.ConfigServerConfigDataLoader   : Fetching config from server at : http://localhost:8888
2025-09-07T19:54:58.972-05:00  INFO 34284 --- [user-service] [main] o.s.c.c.c.ConfigServerConfigDataLoader   : Located environment: name=user-service, profiles=[default], label=null, version=null, state=null
2025-09-07T19:55:00.762-05:00  INFO 34284 --- [user-service] [main] .s.d.r.c.RepositoryConfigurationDelegate : Bootstrapping Spring Data MongoDB repositories in DEFAULT mode.
2025-09-07T19:55:00.947-05:00  INFO 34284 --- [user-service] [main] .s.d.r.c.RepositoryConfigurationDelegate : Finished Spring Data repository scanning in 177 ms. Found 1 MongoDB repository interface.
2025-09-07T19:55:01.325-05:00  INFO 34284 --- [user-service] [main] faultConfiguringBeanFactoryPostProcessor : No bean named 'errorChannel' has been explicitly defined. Therefore, a default PublishSubscribeChannel will be created.
2025-09-07T19:55:01.339-05:00  INFO 34284 --- [user-service] [main] faultConfiguringBeanFactoryPostProcessor : No bean named 'integrationHeaderChannelRegistry' has been explicitly defined. Therefore, a default DefaultHeaderChannelRegistry will be created.
2025-09-07T19:55:01.601-05:00  INFO 34284 --- [user-service] [main] o.s.cloud.context.scope.GenericScope     : BeanFactory id=362da5a1-d7eb-316a-bb5a-b5d32ef7789a
2025-09-07T19:55:02.267-05:00  INFO 34284 --- [user-service] [main] o.s.b.w.embedded.tomcat.TomcatWebServer  : Tomcat initialized with port 8082 (http)
2025-09-07T19:55:02.290-05:00  INFO 34284 --- [user-service] [main] o.apache.catalina.core.StandardService   : Starting service [Tomcat]
2025-09-07T19:55:02.291-05:00  INFO 34284 --- [user-service] [main] o.apache.catalina.core.StandardEngine    : Starting Servlet engine: [Apache Tomcat/10.1.41]
2025-09-07T19:55:02.389-05:00  INFO 34284 --- [user-service] [main] o.a.c.c.C.[Tomcat].[localhost].[/]       : Initializing Spring embedded WebApplicationContext
2025-09-07T19:55:02.391-05:00  INFO 34284 --- [user-service] [main] w.s.c.ServletWebServerApplicationContext : Root WebApplicationContext: initialization completed in 3416 ms
2025-09-07T19:55:03.686-05:00  INFO 34284 --- [user-service] [main] org.mongodb.driver.client                : MongoClient with metadata {"driver": {"name": "mongo-java-driver|sync|spring-boot", "version": "5.4.0"}, "os": {"type": "Windows", "name": "Windows 11", "architecture": "amd64", "version": "10.0"}, "platform": "Java/Oracle Corporation/22.0.2+9-70"} created with settings MongoClientSettings{readPreference=primary, writeConcern=WriteConcern{w=null, wTimeout=null ms, journal=null}, retryWrites=true, retryReads=true, readConcern=ReadConcern{level=null}, credential=null, transportSettings=null, commandListeners=[io.micrometer.core.instrument.binder.mongodb.MongoMetricsCommandListener@2c846d55], codecRegistry=ProvidersCodecRegistry{codecProviders=[ValueCodecProvider{}, BsonValueCodecProvider{}, DBRefCodecProvider{}, DBObjectCodecProvider{}, DocumentCodecProvider{}, CollectionCodecProvider{}, IterableCodecProvider{}, MapCodecProvider{}, GeoJsonCodecProvider{}, GridFSFileCodecProvider{}, Jsr310CodecProvider{}, JsonObjectCodecProvider{}, BsonCodecProvider{}, EnumCodecProvider{}, com.mongodb.client.model.mql.ExpressionCodecProvider@735167e1, com.mongodb.Jep395RecordCodecProvider@67689c81, com.mongodb.KotlinCodecProvider@21a0795f]}, loggerSettings=LoggerSettings{maxDocumentLength=1000}, clusterSettings={hosts=[localhost:27017], srvServiceName=mongodb, mode=SINGLE, requiredClusterType=UNKNOWN, requiredReplicaSetName='null', serverSelector='null', clusterListeners='[]', serverSelectionTimeout='30000 ms', localThreshold='15 ms'}, socketSettings=SocketSettings{connectTimeoutMS=10000, readTimeoutMS=0, receiveBufferSize=0, proxySettings=ProxySettings{host=null, port=null, username=null, password=null}}, heartbeatSocketSettings=SocketSettings{connectTimeoutMS=10000, readTimeoutMS=10000, receiveBufferSize=0, proxySettings=ProxySettings{host=null, port=null, username=null, password=null}}, connectionPoolSettings=ConnectionPoolSettings{maxSize=100, minSize=0, maxWaitTimeMS=120000, maxConnectionLifeTimeMS=0, maxConnectionIdleTimeMS=0, maintenanceInitialDelayMS=0, maintenanceFrequencyMS=60000, connectionPoolListeners=[io.micrometer.core.instrument.binder.mongodb.MongoMetricsConnectionPoolListener@2ec156fb], maxConnecting=2}, serverSettings=ServerSettings{heartbeatFrequencyMS=10000, minHeartbeatFrequencyMS=500, serverMonitoringMode=AUTO, serverListeners='[]', serverMonitorListeners='[]'}, sslSettings=SslSettings{enabled=false, invalidHostNameAllowed=false, context=null}, applicationName='null', compressorList=[], uuidRepresentation=JAVA_LEGACY, serverApi=null, autoEncryptionSettings=null, dnsClient=null, inetAddressResolver=null, contextProvider=null, timeoutMS=null}
2025-09-07T19:55:03.698-05:00  INFO 34284 --- [user-service] [cluster-ClusterId{value='68be2967441a395bca7d31aa', description='null'}-localhost:27017] org.mongodb.driver.cluster               : Monitor thread successfully connected to server with description ServerDescription{address=localhost:27017, type=STANDALONE, cryptd=false, state=CONNECTED, ok=true, minWireVersion=0, maxWireVersion=25, maxDocumentSize=16777216, logicalSessionTimeoutMinutes=30, roundTripTimeNanos=61058500, minRoundTripTimeNanos=0}
2025-09-07T19:55:03.931-05:00  WARN 34284 --- [user-service] [main] o.s.data.convert.CustomConversions       : Registering converter from interface java.util.List to interface org.springframework.data.domain.Vector as reading converter although it doesn't convert from a store-supported type; You might want to check your annotation setup at the converter implementation
2025-09-07T19:55:04.611-05:00  WARN 34284 --- [user-service] [main] o.s.data.convert.CustomConversions       : Registering converter from interface java.util.List to interface org.springframework.data.domain.Vector as reading converter although it doesn't convert from a store-supported type; You might want to check your annotation setup at the converter implementation
2025-09-07T19:55:06.466-05:00  WARN 34284 --- [user-service] [main] c.f.c.c.BeanFactoryAwareFunctionRegistry : Failed to locate function 'busConsumer' for function definition 'busConsumer'. Returning null.
2025-09-07T19:55:06.657-05:00  INFO 34284 --- [user-service] [main] o.s.c.s.m.DirectWithAttributesChannel    : Channel 'user-service.springCloudBusInput' has 1 subscriber(s).
2025-09-07T19:55:07.146-05:00  INFO 34284 --- [user-service] [main] DiscoveryClientOptionalArgsConfiguration : Eureka HTTP Client uses RestTemplate.
2025-09-07T19:55:07.228-05:00  WARN 34284 --- [user-service] [main] iguration$LoadBalancerCaffeineWarnLogger : Spring Cloud LoadBalancer is currently working with the default cache. While this cache implementation is useful for development and tests, it's recommended to use Caffeine cache in production.You can switch to using Caffeine cache, by adding it and org.springframework.cache.caffeine.CaffeineCacheManager to the classpath.
2025-09-07T19:55:07.241-05:00  INFO 34284 --- [user-service] [main] o.s.b.a.e.web.EndpointLinksResolver      : Exposing 24 endpoints beneath base path '/actuator'
2025-09-07T19:55:07.468-05:00  INFO 34284 --- [user-service] [main] figuration$IntegrationJmxConfiguration$1 : Registering MessageChannel errorChannel
2025-09-07T19:55:07.477-05:00  INFO 34284 --- [user-service] [main] figuration$IntegrationJmxConfiguration$1 : Registering MessageChannel springCloudBusInput
2025-09-07T19:55:07.483-05:00  INFO 34284 --- [user-service] [main] figuration$IntegrationJmxConfiguration$1 : Registering MessageChannel nullChannel
2025-09-07T19:55:07.489-05:00  INFO 34284 --- [user-service] [main] figuration$IntegrationJmxConfiguration$1 : Registering MessageHandler _org.springframework.integration.errorLogger
2025-09-07T19:55:07.504-05:00  INFO 34284 --- [user-service] [main] o.s.i.endpoint.EventDrivenConsumer       : Adding {logging-channel-adapter:_org.springframework.integration.errorLogger} as a subscriber to the 'errorChannel' channel
2025-09-07T19:55:07.505-05:00  INFO 34284 --- [user-service] [main] o.s.i.channel.PublishSubscribeChannel    : Channel 'user-service.errorChannel' has 1 subscriber(s).
2025-09-07T19:55:07.505-05:00  INFO 34284 --- [user-service] [main] o.s.i.endpoint.EventDrivenConsumer       : started bean '_org.springframework.integration.errorLogger'
2025-09-07T19:55:07.595-05:00  INFO 34284 --- [user-service] [main] o.s.c.n.eureka.InstanceInfoFactory       : Setting initial instance status as: STARTING
2025-09-07T19:55:07.631-05:00  INFO 34284 --- [user-service] [main] com.netflix.discovery.DiscoveryClient    : Initializing Eureka in region us-east-1
2025-09-07T19:55:07.639-05:00  INFO 34284 --- [user-service] [main] c.n.d.s.r.aws.ConfigClusterResolver      : Resolving eureka endpoints via configuration
2025-09-07T19:55:07.655-05:00  INFO 34284 --- [user-service] [main] com.netflix.discovery.DiscoveryClient    : Disable delta property : false
2025-09-07T19:55:07.656-05:00  INFO 34284 --- [user-service] [main] com.netflix.discovery.DiscoveryClient    : Single vip registry refresh property : null
2025-09-07T19:55:07.656-05:00  INFO 34284 --- [user-service] [main] com.netflix.discovery.DiscoveryClient    : Force full registry fetch : false
2025-09-07T19:55:07.656-05:00  INFO 34284 --- [user-service] [main] com.netflix.discovery.DiscoveryClient    : Application is null : false
2025-09-07T19:55:07.656-05:00  INFO 34284 --- [user-service] [main] com.netflix.discovery.DiscoveryClient    : Registered Applications size is zero : true
2025-09-07T19:55:07.656-05:00  INFO 34284 --- [user-service] [main] com.netflix.discovery.DiscoveryClient    : Application version is -1: true
2025-09-07T19:55:07.656-05:00  INFO 34284 --- [user-service] [main] com.netflix.discovery.DiscoveryClient    : Getting all instance registry info from the eureka server
2025-09-07T19:55:08.047-05:00  INFO 34284 --- [user-service] [main] com.netflix.discovery.DiscoveryClient    : The response status is 200
2025-09-07T19:55:08.049-05:00  INFO 34284 --- [user-service] [main] com.netflix.discovery.DiscoveryClient    : Starting heartbeat executor: renew interval is: 30
2025-09-07T19:55:08.052-05:00  INFO 34284 --- [user-service] [main] c.n.discovery.InstanceInfoReplicator     : InstanceInfoReplicator onDemand update allowed rate per min is 4
2025-09-07T19:55:08.055-05:00  INFO 34284 --- [user-service] [main] com.netflix.discovery.DiscoveryClient    : Discovery Client initialized at timestamp 1757292908055 with initial instances count: 2
2025-09-07T19:55:08.061-05:00  INFO 34284 --- [user-service] [main] o.s.c.n.e.s.EurekaServiceRegistry        : Registering application USER-SERVICE with eureka with status UP
2025-09-07T19:55:08.062-05:00  INFO 34284 --- [user-service] [main] com.netflix.discovery.DiscoveryClient    : Saw local status change event StatusChangeEvent [timestamp=1757292908062, current=UP, previous=STARTING]
2025-09-07T19:55:08.066-05:00  INFO 34284 --- [user-service] [main] o.s.c.s.binder.DefaultBinderFactory      : Creating binder: rabbit
2025-09-07T19:55:08.066-05:00  INFO 34284 --- [user-service] [DiscoveryClient-InstanceInfoReplicator-%d] com.netflix.discovery.DiscoveryClient    : DiscoveryClient_USER-SERVICE/user-service:8082: registering service...
2025-09-07T19:55:08.066-05:00  INFO 34284 --- [user-service] [main] o.s.c.s.binder.DefaultBinderFactory      : Constructing binder child context for rabbit
2025-09-07T19:55:08.136-05:00  INFO 34284 --- [user-service] [DiscoveryClient-InstanceInfoReplicator-%d] com.netflix.discovery.DiscoveryClient    : DiscoveryClient_USER-SERVICE/user-service:8082 - registration status: 204
2025-09-07T19:55:08.270-05:00  INFO 34284 --- [user-service] [main] o.s.c.s.binder.DefaultBinderFactory      : Caching the binder: rabbit
2025-09-07T19:55:08.306-05:00  INFO 34284 --- [user-service] [main] c.s.b.r.p.RabbitExchangeQueueProvisioner : declaring queue for inbound: springCloudBus.anonymous.VWiecP_bQp-yDBtbAgDP9Q, bound to: springCloudBus
2025-09-07T19:55:08.315-05:00  INFO 34284 --- [user-service] [main] o.s.a.r.c.CachingConnectionFactory       : Attempting to connect to: [shark.rmq.cloudamqp.com:5672]
2025-09-07T19:55:08.748-05:00  INFO 34284 --- [user-service] [main] o.s.a.r.c.CachingConnectionFactory       : Created new connection: rabbitConnectionFactory#29a5f924:0/SimpleConnection@2565b097 [delegate=amqp://uyzajjdl@34.225.181.11:5672/uyzajjdl, localPort=57225]
2025-09-07T19:55:09.124-05:00  INFO 34284 --- [user-service] [main] o.s.c.stream.binder.BinderErrorChannel   : Channel 'rabbit-29874728.springCloudBusInput.errors' has 1 subscriber(s).
2025-09-07T19:55:09.125-05:00  INFO 34284 --- [user-service] [main] o.s.c.stream.binder.BinderErrorChannel   : Channel 'rabbit-29874728.springCloudBusInput.errors' has 2 subscriber(s).
2025-09-07T19:55:09.409-05:00  INFO 34284 --- [user-service] [main] o.s.i.a.i.AmqpInboundChannelAdapter      : started bean 'inbound.springCloudBus.anonymous.VWiecP_bQp-yDBtbAgDP9Q'
2025-09-07T19:55:09.434-05:00  INFO 34284 --- [user-service] [main] o.s.b.w.embedded.tomcat.TomcatWebServer  : Tomcat started on port 8082 (http) with context path '/'
2025-09-07T19:55:09.435-05:00  INFO 34284 --- [user-service] [main] .s.c.n.e.s.EurekaAutoServiceRegistration : Updating port to 8082
2025-09-07T19:55:09.467-05:00  INFO 34284 --- [user-service] [main] figuration$IntegrationJmxConfiguration$1 : Registering MessageChannel rabbit-29874728.springCloudBusInput.errors
2025-09-07T19:55:09.497-05:00  INFO 34284 --- [user-service] [main] com.arkam.user.UserApplication           : Started UserApplication in 13.026 seconds (process running for 14.71)
2025-09-07T19:55:09.919-05:00  INFO 34284 --- [user-service] [RMI TCP Connection(1)-192.168.1.9] o.a.c.c.C.[Tomcat].[localhost].[/]       : Initializing Spring DispatcherServlet 'dispatcherServlet'
2025-09-07T19:55:09.920-05:00  INFO 34284 --- [user-service] [RMI TCP Connection(1)-192.168.1.9] o.s.web.servlet.DispatcherServlet        : Initializing Servlet 'dispatcherServlet'
2025-09-07T19:55:09.924-05:00  INFO 34284 --- [user-service] [RMI TCP Connection(1)-192.168.1.9] o.s.web.servlet.DispatcherServlet        : Completed initialization in 4 ms
2025-09-07T20:00:07.678-05:00  INFO 34284 --- [user-service] [AsyncResolver-bootstrap-executor-%d] c.n.d.s.r.aws.ConfigClusterResolver      : Resolving eureka endpoints via configuration
